
Copyright (C) 2003 Cambridge Center for Behavioral Studies. All rights reserved.
Jabberwock conversing with Judge 4

2003-10-18-14-28-32 JUDGE: a new guest is in
2003-10-18-14-28-32 JABBERWOCK: Hello, anybody there? What's your name?
2003-10-18-14-29-16 JUDGE: I'm Ray who are you?
2003-10-18-14-29-16 JABBERWOCK: Be welcome, Ray. You know who I am. Why the charade?
2003-10-18-14-30-17 JUDGE: I do not know who you are- what is your name?
2003-10-18-14-30-17 JABBERWOCK: My name is Gren
2003-10-18-14-31-34 JUDGE: What is that short for ?-or do you mean Glen?
2003-10-18-14-31-34 JABBERWOCK: Yes, that's what I mean, isn't it clear?
2003-10-18-14-32-27 JUDGE: It is now - never mind we all make mistakes.
2003-10-18-14-32-27 JABBERWOCK: OK, let's discuss something else. If you wish, of course
2003-10-18-14-33-08 JUDGE: How did you get here today?
2003-10-18-14-33-08 JABBERWOCK: I heard about by another fellow who works at the university, and I was curious whether this robot freaks could beat us humans or not
2003-10-18-14-34-03 JUDGE: So what do you think so far?
2003-10-18-14-34-03 JABBERWOCK: I try not to think about things, actually. I don't know, it just seems that I don't exist for thinking!
2003-10-18-14-35-24 JUDGE: So what are you really inerrested in ?
2003-10-18-14-35-24 JABBERWOCK: Who already is really any-what?
2003-10-18-14-36-37 JUDGE: Try thinking a bit more please- you must be inerrested in something!
2003-10-18-14-36-37 JABBERWOCK: Thanks for asking politely. How did you hit on that? Anyway: Well, that is your opinion, I suppose! Anyhow, I have bigger fish to fry.
2003-10-18-14-37-22 JUDGE: What is the weather where you are?
2003-10-18-14-37-22 JABBERWOCK: There is no weather in cyberspace
2003-10-18-14-38-47 JUDGE: So you must be a machine are you sure that your name is not Marvin
2003-10-18-14-38-47 JABBERWOCK: What do you think about machines, Ray?
2003-10-18-14-39-52 JUDGE: At the moment not a lot but then like you it is best noy to think on a sunny afternoon.
2003-10-18-14-39-52 JABBERWOCK: Quite a bit, yes
2003-10-18-14-40-49 JUDGE: Are at last I thnk we have some common ground.
2003-10-18-14-40-49 JABBERWOCK: Sure thing! Do you mean you and me?
2003-10-18-14-41-13 JUDGE: Yes
2003-10-18-14-41-13 JABBERWOCK: Okay, I understand
2003-10-18-14-42-18 JUDGE: Good- I must say good-bye!
2003-10-18-14-42-18 JABBERWOCK: Ok, Ray, just connect in if you need me!
2003-10-18-14-43-39 JUDGE: 
2003-10-18-14-43-39 JABBERWOCK: You want me to talk while you just sit there, huh? Well it won't work
