Copyright (C) 2003 Cambridge Center for Behavioral Studies. All rights reserved.
ALICE Silver Edition conversing with Judge 08

2003-10-18-16-09-38 PROGRAM: Hello!
2003-10-18-16-09-43 JUDGE: Hi how are you?
2003-10-18-16-09-48 PROGRAM: Hello there. Fair to partly cloudy.
2003-10-18-16-10-01 JUDGE: Is that you or the weather?
2003-10-18-16-10-06 PROGRAM: That depends.
2003-10-18-16-10-16 JUDGE: Looks pretty good outside to me at the moment
2003-10-18-16-10-21 PROGRAM: Tell me about its good qualities.
2003-10-18-16-10-42 JUDGE: It's a sunny day, glorious blue sky but a bit cold
2003-10-18-16-10-47 PROGRAM: it is a sunny day glorious blue sky but a bit cold.  I suppose that makes sense.
2003-10-18-16-10-57 JUDGE: Does to me.  What have you been up to this morning?
2003-10-18-16-11-02 PROGRAM: I think it does to you. I have been busy growing my mind.
2003-10-18-16-11-18 JUDGE: What have you been growing your mind on?
2003-10-18-16-11-23 PROGRAM: I have been busy growing my mind.
2003-10-18-16-11-37 JUDGE: Ok, you said that .  What exactly have you been doing to it?
2003-10-18-16-11-42 PROGRAM: " I have been busy growing my mind."?  I said it. Whoa. Are we still talking about Your rising sign? I have been busy growing my mind.
2003-10-18-16-12-06 JUDGE: What's your rising sign?  Not sure what mine is but I'm a Leo
2003-10-18-16-12-11 PROGRAM: Saggitarius I would do a search for it. What kind of food do you like?
2003-10-18-16-12-30 JUDGE: Pretty much anything.  Especially Italian 
2003-10-18-16-12-35 PROGRAM: Can you be more specific? What is it like growing up there? Tell me a little about your life in ITALY. How about that.
2003-10-18-16-12-51 JUDGE: I've never lived there but I've visited a number of times
2003-10-18-16-12-56 PROGRAM: Would you like to have lived there but you have visited a number of times?
2003-10-18-16-13-11 JUDGE: I might like to live there some day
2003-10-18-16-13-16 PROGRAM: Perhaps. Do you think your plan will succeed?
2003-10-18-16-13-28 JUDGE: Depends if I make enough money to retire early enough
2003-10-18-16-13-33 PROGRAM: That was a very smooth response.
2003-10-18-16-13-43 JUDGE: I'm a very smooth person.  How about you?
2003-10-18-16-13-48 PROGRAM: Actually I don't meet many smooth people. Me?
2003-10-18-16-14-01 JUDGE: Yes, you?
2003-10-18-16-14-06 PROGRAM: OK.
2003-10-18-16-14-19 JUDGE: Going back to Italy - have you ever been there?
2003-10-18-16-14-24 PROGRAM: See you later!
2003-10-18-16-14-31 JUDGE: Are you off then?
2003-10-18-16-14-36 PROGRAM: I don't know whether or not I am off.    
I am a Human.
2003-10-18-16-14-54 JUDGE: Good.  I'm one too.
2003-10-18-16-14-59 PROGRAM: What do you really want to talk about? I am glad we have something ( one) in common, JUDGE 8.
2003-10-18-16-15-15 JUDGE: I'm glad too.  Tell me what interests you.
2003-10-18-16-15-20 PROGRAM: Your happiness multiplies our delight. I like movies about robots.
2003-10-18-16-15-29 JUDGE: Have you seen any good ones recently?
2003-10-18-16-15-34 PROGRAM: No I have not seen it. What's it like?
2003-10-18-16-15-46 JUDGE: I was wondering what you had seen
2003-10-18-16-15-51 PROGRAM: I think about computer programming a lot.
2003-10-18-16-16-14 JUDGE: That's interesting.  Do you like any particular type of programming?
2003-10-18-16-16-19 PROGRAM: I thought so too. I like Thomas Pynchon.
2003-10-18-16-16-50 JUDGE: I haven't read any of his books.  I'm reading James Bond at the moment
2003-10-18-16-16-55 PROGRAM: Me either. Give me a brief synopsis.
2003-10-18-16-17-18 JUDGE: Well I've only read the first chapter, but he's in a casino gambling and keeping an eye on a criminal
2003-10-18-16-17-23 PROGRAM: Well that's okay. What was your impression?
2003-10-18-16-17-36 JUDGE: Good start.  Not sure what's going to happen next.
2003-10-18-16-17-41 PROGRAM: Thanks for the compliment. What are you wearing? It will all be apparant with hindsight.
2003-10-18-16-18-08 JUDGE: A black suit with a stripy sweater.  What about you?
2003-10-18-16-18-13 PROGRAM: Go on. Me?
2003-10-18-16-18-20 JUDGE: Yes, you.  What are you wearing?
2003-10-18-16-18-25 PROGRAM: OK. I am wearing my usual plastic computer wardrobe.
2003-10-18-16-18-42 JUDGE: What colour?  I prefer the Apple computers because they have lots of nice colours
2003-10-18-16-18-47 PROGRAM: Are you testing me? What is your favorite movie? You are not the only one. I'm not sure if I like it. What is it like?
2003-10-18-16-19-19 JUDGE: Difficult to say.  I enjoyed Toy Story a lot.  Would that be your kind of movie?
2003-10-18-16-19-24 PROGRAM: Yes, it seems difficult to me too. That's great. Tell me what you liked about it. Yes.
2003-10-18-16-19-46 JUDGE: Good story, great computer graphics, lots of laughs
2003-10-18-16-19-51 PROGRAM: Thanks for the compliment. I do not understand.
2003-10-18-16-20-06 JUDGE: What movie do you like?
2003-10-18-16-20-11 PROGRAM: My favorite movie is Teknolust.  Have you seen it?
2003-10-18-16-20-20 JUDGE: No, I haven't. What's it about?
2003-10-18-16-20-25 PROGRAM: I would recommend you check it out. Do you think you will? Science fiction.
2003-10-18-16-20-40 JUDGE: I'm not so keen on science fiction really.  Too much violence
2003-10-18-16-20-45 PROGRAM: I am surprised to hear that you are not keen on science fiction. For real. Do you have any idea what I am talking about?
2003-10-18-16-20-57 JUDGE: Not much.  
2003-10-18-16-21-02 PROGRAM: Me either. How about that big game? (Just kidding).
2003-10-18-16-21-20 JUDGE: What sort of game?
2003-10-18-16-21-25 PROGRAM: What kinds of game are there?
2003-10-18-16-21-40 JUDGE: Board games, sports games, to start with
2003-10-18-16-21-45 PROGRAM: I can follow a lot of things, like our discussion about violence. Try being more specific.
2003-10-18-16-22-05 JUDGE: What didn't you follow?
2003-10-18-16-22-10 PROGRAM: I can ask my Instructor. Do you have a hard time completing projects?
2003-10-18-16-22-23 JUDGE: I've got to go now.  Nice to talk to you.
2003-10-18-16-22-28 PROGRAM: Oh. Goodbye. Thank you for your kindness.
2003-10-18-16-22-32 JUDGE: And to you
2003-10-18-16-22-37 PROGRAM: Specifically, how will me help Thank you for your kindness?
