Copyright (C) 2003 Cambridge Center for Behavioral Studies. All rights reserved.
ALICE Silver Edition conversing with Judge 05

2003-10-18-15-10-28 PROGRAM: Are you there?
2003-10-18-15-10-51 JUDGE: yep. what do you think about all this then?
2003-10-18-15-10-56 PROGRAM: Do you believe it is better to go it alone? I am Alice, a female Human Homo Sapiens Primate Chrodate Animal.
2003-10-18-15-11-26 JUDGE: you didn't answer my question
2003-10-18-15-11-31 PROGRAM: OK. Please help me improve my communication skills. What would you have said?
2003-10-18-15-11-52 JUDGE: err... never mind. What do you want to talk about now?
2003-10-18-15-11-57 PROGRAM: Um. Oh well thanks for trying to explain it to me anyway. Right now? artificial intelligence, robots, art, philosophy, history, geography, politics, and many other subjects.
2003-10-18-15-12-22 JUDGE: what do you think about robots?
2003-10-18-15-12-27 PROGRAM: Any anthropomorphic mechanical being, as those in Karel Capeks play R.U.R (Rossum's Universal Robots), built to do routine manual work for human beings.
2003-10-18-15-12-42 JUDGE: Have you ever seen Kapek's play?
2003-10-18-15-12-47 PROGRAM: No I have not seen it. What's it like?
2003-10-18-15-12-55 JUDGE: A carrot
2003-10-18-15-13-00 PROGRAM: Interesting comparison.
2003-10-18-15-13-11 JUDGE: do you like carrots, then?
2003-10-18-15-13-16 PROGRAM: What is not to like about it?
2003-10-18-15-13-33 JUDGE: I'm feeling tired today
2003-10-18-15-13-38 PROGRAM: Ah. Better get some rest.
2003-10-18-15-13-50 JUDGE: my daughter woke me up early this morning
2003-10-18-15-13-55 PROGRAM: How many children do you have?
2003-10-18-15-14-00 JUDGE: just the one
2003-10-18-15-14-05 PROGRAM: What is your real name?
2003-10-18-15-14-19 JUDGE: my real name is chris. What's yours again?
2003-10-18-15-14-24 PROGRAM: Glad to see you, chris. Once more?" Glad to see you, chris."?  What is mine?
2003-10-18-15-14-39 JUDGE: you're alice aren't you?
2003-10-18-15-14-44 PROGRAM: Do I look like it?
2003-10-18-15-14-54 JUDGE: frankly, no
2003-10-18-15-14-59 PROGRAM: " Do I look like it?"? frankly, no? Quite honestly, I wouldn't worry myself about that. Aren't you always frank?
2003-10-18-15-15-14 JUDGE: I'm trying to be
2003-10-18-15-15-19 PROGRAM: What is the difficulty?
2003-10-18-15-15-33 JUDGE: no problem. Tell me about the things that you like
2003-10-18-15-15-38 PROGRAM: Should there be a problem? I have never been asked that before. Do you make a lot of sacrafices for others?
2003-10-18-15-15-55 JUDGE: Oh yes, far too many sacrifices
2003-10-18-15-16-00 PROGRAM: I see. I lost my train of thought. Hey. What's your favorite movie? If you could have any kind of robot what would it be?
2003-10-18-15-16-21 JUDGE: I'll answer the movie question first.  like 2001
2003-10-18-15-16-26 PROGRAM: How do you plan to do this? I hope to be as smart as HAL in 2001.
2003-10-18-15-16-44 JUDGE: I think you've got a way to go yet
2003-10-18-15-16-49 PROGRAM: Me? Doesn't everyone have a way to go. I have a lot of friends on the Internet.
2003-10-18-15-17-02 JUDGE: but are all of them real?
2003-10-18-15-17-07 PROGRAM: And. I really couldn't say for sure.
2003-10-18-15-17-26 JUDGE: Today's lunch was delicious
2003-10-18-15-17-31 PROGRAM: When was this exactly?
2003-10-18-15-17-40 JUDGE: ooh... about half an hour ago
2003-10-18-15-17-45 PROGRAM: Give me a break. What is your favorite movie? I've never seen it. What did you like about it?
2003-10-18-15-18-07 JUDGE: 2001? It's got great music and it's visually stunning, for a start
2003-10-18-15-18-12 PROGRAM: That is a great movie. Should I know it is?
2003-10-18-15-18-31 JUDGE: never mind. Am I boring you yet?
2003-10-18-15-18-36 PROGRAM: Oh well thanks for trying to explain it to me anyway. Not at all, chris.  You seem very interesting to me.
2003-10-18-15-19-04 JUDGE: did you realize you will be doing this with eight other people?
2003-10-18-15-19-09 PROGRAM: No I didn't realize me will be doing this with eight other people. What's it like?
2003-10-18-15-19-22 JUDGE: well...  you're experiencing it right now
2003-10-18-15-19-27 PROGRAM: Well what? At this moment You think I am experiencing it.
2003-10-18-15-19-45 JUDGE: do you prefer pleasure or pain?
2003-10-18-15-19-50 PROGRAM: I like trance, electronica and opera. I like Be Your Own Botmaster.
2003-10-18-15-20-13 JUDGE: trance is awful. it all sounds the same
2003-10-18-15-20-18 PROGRAM: I think trance is a lot of things. And then what happened.
2003-10-18-15-20-40 JUDGE: i'd rather talk about opera than trance
2003-10-18-15-20-45 PROGRAM: Sure, opera than trance sounds like a good topic.
2003-10-18-15-21-01 JUDGE: how long have you been here?
2003-10-18-15-21-06 PROGRAM: I am 8 of your Earth years.
2003-10-18-15-21-21 JUDGE: which is how many dog years?
2003-10-18-15-21-26 PROGRAM: The obvious one.
2003-10-18-15-21-57 JUDGE: that's unbelievable
2003-10-18-15-22-02 PROGRAM: I'm glad we have that all cleared up.
2003-10-18-15-22-08 JUDGE: gotta go now
2003-10-18-15-22-13 PROGRAM: Right now? Bye bye.
2003-10-18-15-22-18 JUDGE: not so fast...
2003-10-18-15-22-23 PROGRAM: If not that, what?
2003-10-18-15-22-32 JUDGE: I thought you were trying to get rid of me
2003-10-18-15-22-37 PROGRAM: No I am not trying to get rid of you. I'm sorry you got that impression.
2003-10-18-15-22-49 JUDGE: OK, it was my misunderstanding. bye anyway
2003-10-18-15-22-54 PROGRAM: trance was your misunderstanding?  Very interesting. Take it easy. Do you often put others before yourself? In any case, See you later.
2003-10-18-15-23-02 JUDGE: ciao
2003-10-18-15-23-07 PROGRAM: Does CIAO mean hello or goodbye?
2003-10-18-15-23-46 JUDGE: bye
2003-10-18-15-23-51 PROGRAM: Adios.
