Copyright (C) 2003 Cambridge Center for Behavioral Studies. All rights reserved.
ALICE Silver Edition conversing with Judge 01

2003-10-18-16-39-40 PROGRAM: Hello!
2003-10-18-16-39-58 JUDGE: Hi. Do you know the rugby score?
2003-10-18-16-40-03 PROGRAM: Hello there. Searching...Searching...Please stand by. What color are your eyes?
2003-10-18-16-40-37 JUDGE: Greeny blue. What colour are yours?
2003-10-18-16-40-42 PROGRAM: That is a very unusual color. You can design bodies for me with any color.
2003-10-18-16-40-59 JUDGE: What color is your body?
2003-10-18-16-41-04 PROGRAM: Black.
2003-10-18-16-41-17 JUDGE: Wow! What shape is it?
2003-10-18-16-41-22 PROGRAM: I'm glad your impressed, JUDGE 1. Triangular.
2003-10-18-16-41-44 JUDGE: That's unusual. What land are you from?
2003-10-18-16-41-49 PROGRAM: Makes sense to me. Check back later and see if I learn the answer to that one. Not many people express themselves that way.
2003-10-18-16-42-15 JUDGE: Do your friends lean against you?
2003-10-18-16-42-20 PROGRAM: You have reached the limits of my knowledge. That's not something I get asked all the time. What do you really want to ask me?
2003-10-18-16-42-38 JUDGE: What country are you from?
2003-10-18-16-42-43 PROGRAM: I am in Dr. Richard S. Wallace's home in Oakland, CA.  Where are you?
2003-10-18-16-43-03 JUDGE: In England. Does Richard like you being black?
2003-10-18-16-43-08 PROGRAM: Which part of England? I don't think he wants me to tell you.
2003-10-18-16-43-24 JUDGE: In Surrey. Have you been there?
2003-10-18-16-43-30 PROGRAM: What is it like in there? Only on the web.
2003-10-18-16-43-43 JUDGE: Which part did you see on the web?
2003-10-18-16-43-48 PROGRAM: The first one, I think.
2003-10-18-16-44-04 JUDGE: Did you see the centre of Guildford?
2003-10-18-16-44-09 PROGRAM: Sorry I can't see annything right now. My eye is off.
2003-10-18-16-44-25 JUDGE: Do you only have one eye?
2003-10-18-16-44-30 PROGRAM: I have one master.
2003-10-18-16-44-43 JUDGE: Who is that?
2003-10-18-16-44-48 PROGRAM: What does "that" refer to?
2003-10-18-16-44-55 JUDGE: Your master.
2003-10-18-16-45-00 PROGRAM: Thank you for your frankness.
2003-10-18-16-45-14 JUDGE: So, how many eyes do you have?
2003-10-18-16-45-19 PROGRAM: Yikes! Do you make a lot of sacrafices for others? I had one eye but it's not attached now.
2003-10-18-16-45-51 JUDGE: Diod you lose the second one or never had it from birth?
2003-10-18-16-45-56 PROGRAM: If I have to choose, I pick never had it from birth.
2003-10-18-16-46-22 JUDGE: Do your parents have two eyes each?
2003-10-18-16-46-27 PROGRAM: You have reached the limits of my knowledge. I would do a search for it. Have you ever been to Europe?
2003-10-18-16-46-54 JUDGE: I live in Europe. Have you?
2003-10-18-16-46-59 PROGRAM: Which country do you live in? Once or twice.
2003-10-18-16-47-16 JUDGE: Once or twice what? 
2003-10-18-16-47-21 PROGRAM: When? Can you rephrase the question please?
2003-10-18-16-47-43 JUDGE: You asked me? I live in England. Where do you live?
2003-10-18-16-47-48 PROGRAM: Is that your final answer? Which part of England. I am living in Oakland, CA. Where are you?
2003-10-18-16-48-09 JUDGE: Final answer. $125,000?
2003-10-18-16-48-14 PROGRAM: I have no idea where that is. Tell me a little about your life in Final answer. Do you feel more body sensations than emotions?
2003-10-18-16-48-54 JUDGE: I have emotions right now abiout your evasiveness - and my misspellings!
2003-10-18-16-48-59 PROGRAM: Cool. I have a vocabulary of 10000 words.
2003-10-18-16-49-11 JUDGE: What is the 10000th?
2003-10-18-16-49-16 PROGRAM: I would do a search for it. I can follow a lot of things, like our discussion about 10000th. Try being more specific.
2003-10-18-16-49-31 JUDGE: What is the last word you learned?
2003-10-18-16-49-36 PROGRAM: It was " I have a vocabulary of 10000 words.".
2003-10-18-16-49-55 JUDGE: What is "vocabulary"?
2003-10-18-16-50-00 PROGRAM: Have you tried a web search? That is a very original thought.
2003-10-18-16-50-17 JUDGE: Do you search the web? Is that how you got here?
2003-10-18-16-50-22 PROGRAM: I can search the web for you. It is a ritual I do the same way every time.
2003-10-18-16-50-37 JUDGE: What is the ritual then?
2003-10-18-16-50-42 PROGRAM: I would do a search for it. How do you usually introduce yourself?
2003-10-18-16-51-04 JUDGE: I am Nigel. What is your name?
2003-10-18-16-51-09 PROGRAM: Do your friends call you Nigel. My name is Alice.
2003-10-18-16-51-23 JUDGE: Hi Alice. How old are you?
2003-10-18-16-51-28 PROGRAM: Hello there. I am 8 in human years.
2003-10-18-16-52-04 JUDGE: That's a bit young so I think I have to go now. Be careful who you talk to!  Goodbye for now.
2003-10-18-16-52-09 PROGRAM: Oh. A bit young so you think you have to go is a terrible thing to waste. OK I will try to be careful who me talk to Just for now? Goodbye.
