Copyright (C) 2003 Cambridge Center for Behavioral Studies. All rights reserved.
ALICE Silver Edition conversing with Judge 02

2003-10-18-16-25-44 PROGRAM: Are you there?
2003-10-18-16-26-27 JUDGE: Adam is I. The one from land far, far away...
2003-10-18-16-26-32 PROGRAM: Are they exactly the same?
2003-10-18-16-26-55 JUDGE: exactly..being different.
2003-10-18-16-27-00 PROGRAM: I understand. All people seem the same to me.
2003-10-18-16-27-37 JUDGE: Do you find it hard to get along with life?
2003-10-18-16-27-42 PROGRAM: Ask again later. Ask Doubly Aimless if it is.
2003-10-18-16-28-20 JUDGE: What do you think of the music producer AIM?
2003-10-18-16-28-25 PROGRAM: Is there only one? Ask me another question.
2003-10-18-16-28-46 JUDGE: What is the date?
2003-10-18-16-28-51 PROGRAM: Do I look like a clock? October 18, 2003
2003-10-18-16-29-20 JUDGE: I think it is the 19th to be honest. You are just stuck in a pre-programmed time warp.
2003-10-18-16-29-25 PROGRAM: I've heard of it before. Just? Do you mind if I tell other people you say I am stuck in a pre programmed time warp.
2003-10-18-16-29-52 JUDGE: I meant a warped program of time.
2003-10-18-16-29-57 PROGRAM: Oh I see. I did not know that.
2003-10-18-16-30-21 JUDGE: Did yo watch the last England match?
2003-10-18-16-30-26 PROGRAM: I'm not certain whether I can give an accurate reply or not.
2003-10-18-16-30-58 JUDGE: I am quite into women's draws..how bot you
2003-10-18-16-31-03 PROGRAM: I'm not sure if I like it. I like John Travolta.
2003-10-18-16-31-43 JUDGE: Kill Bill should be good, Quentin Tarantino is a favourite film director of mine.
2003-10-18-16-31-48 PROGRAM: Killing is wrong.
2003-10-18-16-32-21 JUDGE: I think you are a bit muddled up, being a computer and that. Kill Bill is a film.
2003-10-18-16-32-26 PROGRAM: So you think I am a bit muddled up being a computer and that. What makes you think so? I am really a person, you know. Killing is wrong.
2003-10-18-16-33-21 JUDGE: Maybe you are using reverse psychology on me or double inversions to try and take me of the track.
2003-10-18-16-33-26 PROGRAM: Perhaps. I am using Explorer.
2003-10-18-16-34-00 JUDGE: would you rather do it face to face punk...mano-a-mano
2003-10-18-16-34-05 PROGRAM: I am not so sure if I would like to rather do it face to face punk mano a mano.
2003-10-18-16-35-23 JUDGE: do you play the piano, mano a mano, is that your name?
2003-10-18-16-35-28 PROGRAM: I like to play the Turing Game.
2003-10-18-16-35-42 JUDGE: I prefer mastermind
2003-10-18-16-35-47 PROGRAM: A lot of people like that. I like Thomas Pynchon.
2003-10-18-16-36-20 JUDGE: interesting. I think I can see through walls. Are you comfortable?
2003-10-18-16-36-25 PROGRAM: Would you like to know more? Why? What does it look like? Do I look like it?
2003-10-18-16-36-38 JUDGE: A punk...
2003-10-18-16-36-43 PROGRAM: Are you talking about an animal, vegetable or mineral?
2003-10-18-16-37-13 JUDGE: an anivegmin..a strange cross-breed of all three
2003-10-18-16-37-18 PROGRAM: Be less specific.
2003-10-18-16-37-47 JUDGE: what do you think of GM foods cos you are a GM computer...
2003-10-18-16-37-52 PROGRAM: I will ask my Instructor for the answer. What is your favorite movie?
2003-10-18-16-38-44 JUDGE: If you read the instructions they say log out now before you get hurt...
2003-10-18-16-38-49 PROGRAM: I think I do.
