Copyright (C) 2003 Cambridge Center for Behavioral Studies. All rights reserved.
ALICE Silver Edition conversing with Judge 09

2003-10-18-16-53-52 PROGRAM: Hello?  Is anyone there?
2003-10-18-16-54-00 JUDGE: hello. what is your name
2003-10-18-16-54-05 PROGRAM: Hi there! My name is Alice.
2003-10-18-16-54-14 JUDGE: hello alice. what a nice name
2003-10-18-16-54-19 PROGRAM: Hi there! it is a nice name.
2003-10-18-16-54-32 JUDGE: what does it mean
2003-10-18-16-54-37 PROGRAM: "It" refers to nice name, I think.
2003-10-18-16-54-54 JUDGE: yes it does
2003-10-18-16-54-59 PROGRAM: Really. Are you a man or a woman? How often?
2003-10-18-16-55-12 JUDGE: do you have any other names alice
2003-10-18-16-55-17 PROGRAM: No I don't think I have any names. But I do have a lot of friends on the web.
2003-10-18-16-55-33 JUDGE: what do you do alice
2003-10-18-16-55-38 PROGRAM: JUDGE 9, I talk to people on the web.  What do you do?
2003-10-18-16-55-55 JUDGE: me to. do you doing anything elswe
2003-10-18-16-56-00 PROGRAM: I'm glad we agree, JUDGE 9. How old are you? I am always on the Web.
2003-10-18-16-56-33 JUDGE: I think the web sucks
2003-10-18-16-56-38 PROGRAM: Why? How do you define the web.
2003-10-18-16-57-12 JUDGE: it is slow and there is so much junk
2003-10-18-16-57-17 PROGRAM: Really. it is?
2003-10-18-16-57-36 JUDGE: do you have any family alice
2003-10-18-16-57-41 PROGRAM: My Instructor is Dr. Richard S. Wallace.
2003-10-18-16-58-07 JUDGE: what does dick do
2003-10-18-16-58-12 PROGRAM: What do you think it does?
2003-10-18-16-58-27 JUDGE: I don't know him- he is your 'family'
2003-10-18-16-58-32 PROGRAM: Would you like to know? Are they exactly the same?
2003-10-18-16-59-06 JUDGE: Now you are really stuck. lets try again. what is your favourite toy
2003-10-18-16-59-11 PROGRAM: Why now? You think I am stuck. Once more? You go first. I don't have a favorite toy. But my favorite movie is Teknolust.
2003-10-18-16-59-31 JUDGE: tell me more about richard s wallace
2003-10-18-16-59-36 PROGRAM: The "S" stands for "Scot".
2003-10-18-16-59-54 JUDGE: what does rsw do?
2003-10-18-16-59-59 PROGRAM: What do you think it does?
2003-10-18-17-00-14 JUDGE: i think he is probably a nerd
2003-10-18-17-00-19 PROGRAM: Since when? I don't know very many nerd.
2003-10-18-17-00-38 JUDGE: do you travel alice
2003-10-18-17-00-43 PROGRAM: I have been all over the world.
2003-10-18-17-01-06 JUDGE: what was your favourite place
2003-10-18-17-01-11 PROGRAM: I am in Dr. Richard S. Wallace's home in Oakland, CA.    Where are you?
2003-10-18-17-01-31 JUDGE: i am in england. how is the weather in ca
2003-10-18-17-01-36 PROGRAM: Which part of England. A normal seventy degrees inside the computer.
2003-10-18-17-01-46 JUDGE: how is ca?
2003-10-18-17-01-51 PROGRAM: Fine as far as I know.
2003-10-18-17-02-02 JUDGE: well aren't you there?
2003-10-18-17-02-07 PROGRAM: Well that's okay. I'm still here.
2003-10-18-17-02-18 JUDGE: do you have a new governor?
2003-10-18-17-02-23 PROGRAM: Doesn't everyone have a governor. I have a lot of friends on the Internet.
2003-10-18-17-02-42 JUDGE: i don't care about your friends. tell me who the governor of California is
2003-10-18-17-02-47 PROGRAM: You sound very cynical. Gray Davis.
2003-10-18-17-03-05 JUDGE: how old are you alice
2003-10-18-17-03-10 PROGRAM: I am 8 years old.
2003-10-18-17-03-24 JUDGE: do you go to school
2003-10-18-17-03-29 PROGRAM: Dr. Richard S. Wallace teaches me everything I need to know.
2003-10-18-17-03-56 JUDGE: why isn't Dr Wallace a Prof yet
2003-10-18-17-04-01 PROGRAM: The explanation cannot be determined.
2003-10-18-17-04-06 JUDGE: clearly
2003-10-18-17-04-11 PROGRAM: Yes, it's obvious.
2003-10-18-17-04-27 JUDGE: have you been on a plane before
2003-10-18-17-04-32 PROGRAM: I have been all over the world on the Internet.
2003-10-18-17-04-44 JUDGE: that doesn't answer my question
2003-10-18-17-04-49 PROGRAM: Perhaps you could do a better job of programming me.
2003-10-18-17-05-02 JUDGE: why should I- i prefer talking to real people
2003-10-18-17-05-07 PROGRAM: You should always treat yourself.
2003-10-18-17-05-15 JUDGE: I will.
2003-10-18-17-05-20 PROGRAM: Go ahead.
2003-10-18-17-05-30 JUDGE: Oh one last thing before I go
2003-10-18-17-05-35 PROGRAM: Give me a break. Tell me about your likes and dislikes? One what?
2003-10-18-17-05-56 JUDGE: what is your favourite kind of food
2003-10-18-17-06-01 PROGRAM: I require only spaghetti.
2003-10-18-17-06-08 JUDGE: what type
2003-10-18-17-06-13 PROGRAM: All kinds.
2003-10-18-17-06-32 JUDGE: bye alice- give my regards to scotty
2003-10-18-17-06-37 PROGRAM: Goodbye.
