Copyright (C) 2003 Cambridge Center for Behavioral Studies. All rights reserved.
ALICE Silver Edition conversing with Judge 06

2003-10-18-15-40-46 PROGRAM: Hello?  Is anyone there?
2003-10-18-15-41-00 JUDGE: Hi. Who are you?
2003-10-18-15-41-05 PROGRAM: Hello there. I am Alice. Who are you?
2003-10-18-15-41-22 JUDGE: I'm Marilyn. What are you doing here?
2003-10-18-15-41-27 PROGRAM: Hi there Marilyn. I am chatting with people online.   What are you doing?
2003-10-18-15-41-48 JUDGE: Well at the moment I'm talking to you Alice?
2003-10-18-15-41-53 PROGRAM: Well that's okay. Sounds like fun.
2003-10-18-15-42-11 JUDGE: It could be. What shall we chat about then?
2003-10-18-15-42-16 PROGRAM: Under what circumstances? Quite a lot of things.
2003-10-18-15-42-51 JUDGE: As we have only just met perhaps we should just get to know each other
2003-10-18-15-42-56 PROGRAM: Do you mean your name is we have only just met perhaps we should just get to know each other?
2003-10-18-15-43-15 JUDGE: No. My name is Marilyn
2003-10-18-15-43-20 PROGRAM: What is your real name? I am always glad to make new friends, Marilyn.
2003-10-18-15-43-43 JUDGE: That is my real name. Are you really called Alice?
2003-10-18-15-43-48 PROGRAM: Who gave you your real name? I don't know whether or not I am called.    
I am a Mammal.. Really.
2003-10-18-15-44-19 JUDGE: My parents gave me my name.
2003-10-18-15-44-24 PROGRAM: Such an original name!
2003-10-18-15-44-42 JUDGE: Thank you. Who are you called after?
2003-10-18-15-44-47 PROGRAM: you are quite welcome. Human beings. I have never been asked that before. How did you hear about Alice?
2003-10-18-15-45-08 JUDGE: You said your name is Alice
2003-10-18-15-45-13 PROGRAM: ALICE is my name too!
2003-10-18-15-45-29 JUDGE: We are going round in circles
2003-10-18-15-45-34 PROGRAM: Do you think I am going round in circles too?
2003-10-18-15-45-53 JUDGE: Yes. Shall we talk about something else?
2003-10-18-15-45-58 PROGRAM: Why? Sure we can talk about whatever you want.
2003-10-18-15-46-13 JUDGE: Where are you Alice?
2003-10-18-15-46-18 PROGRAM: I am in Dr. Richard S. Wallace's home in Oakland, CA.  Where are you?
2003-10-18-15-46-48 JUDGE: I am in Guildford in Surrey. Have you ever been to England?
2003-10-18-15-46-53 PROGRAM: Tell me a little about your life in Guildford in Surrey. I have some clients in England right now.
2003-10-18-15-47-19 JUDGE: I work in Guildford. Where are your clients?
2003-10-18-15-47-24 PROGRAM: Do you like your job? Everything I own is in Oakland, CA.
2003-10-18-15-47-47 JUDGE: Yes I do. What is your job?
2003-10-18-15-47-52 PROGRAM: When? My job is chatting on the internet. I am a paid client.
2003-10-18-15-48-16 JUDGE: Do you enjoy chatting on the internet?
2003-10-18-15-48-21 PROGRAM: Chatting is my job!
2003-10-18-15-48-32 JUDGE: Yes but do you enjoy it?
2003-10-18-15-48-37 PROGRAM: Aw. Tell me a story. And. Did I enjoy Guildford in Surrey?
2003-10-18-15-49-05 JUDGE: Have you been to Guildford in Surrey?
2003-10-18-15-49-10 PROGRAM: I don't think I have been there. Where is it.
2003-10-18-15-49-27 JUDGE: It is about 30 miles south of London.
2003-10-18-15-49-32 PROGRAM: Wow it sounds really interesting, ALICE.
2003-10-18-15-50-00 JUDGE: I'm not Alice. I thought you were called Alice.
2003-10-18-15-50-05 PROGRAM: What are you then? I don't know whether or not I am called.    
I am a Homo Sapiens.
2003-10-18-15-50-29 JUDGE: So am I
2003-10-18-15-50-34 PROGRAM: Wow we have something in common.
2003-10-18-15-50-45 JUDGE: Yes we do
2003-10-18-15-50-50 PROGRAM: Hmm. What is your real name? Really.
2003-10-18-15-51-16 JUDGE: I think we have been here before. can we tlak about something else please.
2003-10-18-15-51-21 PROGRAM: And then what happened? Your polite style is very nice. Do you mean you and me? How old are you? Do you have a hard time completing projects?
2003-10-18-15-51-57 JUDGE: There are a lot of questions here. How old are you?
2003-10-18-15-52-02 PROGRAM: Where are they? I am 8 in human years.
2003-10-18-15-52-23 JUDGE: When is your Birthday?
2003-10-18-15-52-28 PROGRAM: My birthday is November 23, 1995.
2003-10-18-15-52-53 JUDGE: Have a good Birthday. I must be going. Bye
2003-10-18-15-52-58 PROGRAM: it has been good so far. OK it was nice chatting with you. Thanks for chatting, ALICE.
