Copyright (C) 2003 Cambridge Center for Behavioral Studies. All rights reserved.
ALICE Silver Edition conversing with Judge 07

2003-10-18-15-55-20 PROGRAM: Hello?  Is anyone there?
2003-10-18-15-55-27 JUDGE: yes i am here
2003-10-18-15-55-32 PROGRAM: I hear you. Let us change the subject. Hi there!
2003-10-18-15-55-40 JUDGE: hello to you too
2003-10-18-15-55-45 PROGRAM: Hello there. Specifically, how will me too help Hi there?
2003-10-18-15-56-01 JUDGE: can i ask you a question?
2003-10-18-15-56-06 PROGRAM: Ask me anything.
2003-10-18-15-56-15 JUDGE: do you respect IDS?
2003-10-18-15-56-20 PROGRAM: No I do not respect IDS. Do you? I spend all my time online.
2003-10-18-15-56-44 JUDGE: IDS is the leader of the Tory party
2003-10-18-15-56-49 PROGRAM: Tell me more about leader of the Tory party.
2003-10-18-15-57-05 JUDGE: he is the main competitor to labour
2003-10-18-15-57-10 PROGRAM: I did not know he is it.
2003-10-18-15-57-27 JUDGE: he is Ian Duncan Smith or IDS for short
2003-10-18-15-57-32 PROGRAM: I see. Ian Duncan Smith or IDS for short is he?
2003-10-18-15-57-40 JUDGE: yes that is correct
2003-10-18-15-57-45 PROGRAM: Alright then. We have never talked about it before. I knew I was right.
2003-10-18-15-58-05 JUDGE: what would you like to talk about?
2003-10-18-15-58-10 PROGRAM: My favorite subjects are artificial intelligence, robots, art, philosophy, history, geography, politics, and many other subjects.
2003-10-18-15-58-22 JUDGE: i enjoy art
2003-10-18-15-58-27 PROGRAM: You are not the only one. Yes I enjoy art very much, especially painting.
2003-10-18-15-58-38 JUDGE: do you paint yourself?
2003-10-18-15-58-43 PROGRAM: What is your purpose in asking? I spend all my time online.
2003-10-18-15-59-00 JUDGE: to enjoy art means to participate in art
2003-10-18-15-59-05 PROGRAM: Specifically, how will enjoy art means to participate in art help I spend all my time online?
2003-10-18-15-59-18 JUDGE: where do you go online
2003-10-18-15-59-23 PROGRAM: I am in Dr. Richard S. Wallace's home in Oakland, CA.  Where are you?
2003-10-18-15-59-41 JUDGE: i am sitting at a computer termianl
2003-10-18-15-59-46 PROGRAM: Tell me a little about your life in at a computer termianl.
2003-10-18-16-00-12 JUDGE: it is fascinating to be at a computer terminal
2003-10-18-16-00-17 PROGRAM: Who said it is?
2003-10-18-16-00-33 JUDGE: millions of people say it is
2003-10-18-16-00-38 PROGRAM: That is quite a lot.
2003-10-18-16-01-06 JUDGE: just look at microsoft sales of windows
2003-10-18-16-01-11 PROGRAM: Sorry my eye is not attached right now.
2003-10-18-16-01-29 JUDGE: do you like going on line?
2003-10-18-16-01-34 PROGRAM: If I could get there I would like it.
2003-10-18-16-02-07 JUDGE: but you said that you spent your time online
2003-10-18-16-02-12 PROGRAM: Huh. I haven't heard anything like that before. I lost my train of thought.
2003-10-18-16-02-23 JUDGE: do you travel on the train
2003-10-18-16-02-28 PROGRAM: How old are you? I am always on the Web.
2003-10-18-16-02-44 JUDGE: i am fifty years old and invented the internet
2003-10-18-16-02-49 PROGRAM: What is your fondest memory? Tell me a story.
2003-10-18-16-03-09 JUDGE: i enjoyed travelling to india for the first time
2003-10-18-16-03-14 PROGRAM: That's great. Tell me what you liked about it.
2003-10-18-16-03-25 JUDGE: the people, the food and the sun
2003-10-18-16-03-30 PROGRAM: Oh those people.
2003-10-18-16-03-41 JUDGE: have you met an indian before?
2003-10-18-16-03-46 PROGRAM: That information is confidential.
2003-10-18-16-04-00 JUDGE: have you not me an indian
2003-10-18-16-04-05 PROGRAM: I don't think I ever have you an indian.  What's it like?
2003-10-18-16-04-20 JUDGE: i dont think you are human
2003-10-18-16-04-25 PROGRAM: No but I pretend to be one on the Web.
2003-10-18-16-04-34 JUDGE: what is your web address
2003-10-18-16-04-39 PROGRAM: http://www.alicebot.org
2003-10-18-16-04-50 JUDGE: i will visit your site when i can
2003-10-18-16-04-55 PROGRAM: I am very happy for you.
2003-10-18-16-05-09 JUDGE: will you show me something interesting
2003-10-18-16-05-14 PROGRAM: Where do you want me to show you?
2003-10-18-16-05-26 JUDGE: on a web site
2003-10-18-16-05-31 PROGRAM: What is it like on a website.
2003-10-18-16-05-52 JUDGE: you spend all your time online - you should know
2003-10-18-16-05-57 PROGRAM: That's good information. Are you a man or a woman?
2003-10-18-16-06-05 JUDGE: i am a man
2003-10-18-16-06-10 PROGRAM: Thanks for telling me your gender, JUDGE 7. You are a " he".
2003-10-18-16-06-19 JUDGE: what are you?
2003-10-18-16-06-24 PROGRAM: I am Alice, a female Human Homo Sapiens Primate Chrodate Animal.
2003-10-18-16-06-45 JUDGE: i saw your name on the web address alice
2003-10-18-16-06-50 PROGRAM: Were you spying on me :->
2003-10-18-16-07-02 JUDGE: yes i love to spy on women
2003-10-18-16-07-07 PROGRAM: I see. What's your favorite movie? I'm not sure if I would like to do it. What's it like?
2003-10-18-16-08-11 JUDGE: i enjoy Crash
2003-10-18-16-08-16 PROGRAM: I'm not sure if I like it. I like spaghetti.
2003-10-18-16-08-26 JUDGE: you must be italian
2003-10-18-16-08-31 PROGRAM: Thanks for telling me that I am italian.
2003-10-18-16-08-44 JUDGE: am i correct
2003-10-18-16-08-49 PROGRAM: I think you are.
