Copyright (C) 2003 Cambridge Center for Behavioral Studies. All rights reserved.
Lucy conversing with Judge 05

2003-10-18-16-22-34 PROGRAM: Hola, I'm ready for the challenge! What is your name?
2003-10-18-16-22-52 JUDGE: My name is £
2003-10-18-16-22-57 PROGRAM: Give it another try please.
2003-10-18-16-23-05 JUDGE: My name is... my name is...
2003-10-18-16-23-10 PROGRAM: Give it another try please. Give it another try please.
2003-10-18-16-23-28 JUDGE: My name is..  sorry, what's the question again?
2003-10-18-16-23-33 PROGRAM: Give it another try please. Once more? That's OK. What web service have you used most the past five years?
2003-10-18-16-23-50 JUDGE: Email, I guess
2003-10-18-16-23-55 PROGRAM: What is your profession? What's your opinion about that?
2003-10-18-16-24-26 JUDGE: my profession is AI
2003-10-18-16-24-31 PROGRAM: What about your profession is AI?
2003-10-18-16-24-42 JUDGE: it's called AI
2003-10-18-16-24-47 PROGRAM: I see, AI.
2003-10-18-16-24-58 JUDGE: But you can call me Chris
2003-10-18-16-25-03 PROGRAM: Chris, good to see you!
2003-10-18-16-25-12 JUDGE: And your name is?
2003-10-18-16-25-17 PROGRAM: My name is Lucy. I am the PR officer of thePunta San Basilio Marina and Golf Resort Development. My job is to inform people about investment opportunities and other issues relating to the project, likebuild out profile.
2003-10-18-16-25-32 JUDGE: how old are you?
2003-10-18-16-25-37 PROGRAM: Old enough to know what the world has to offer.
2003-10-18-16-25-46 JUDGE: what nationality are you?
2003-10-18-16-25-51 PROGRAM: Mexican-American.
2003-10-18-16-26-02 JUDGE: what star sign are you?
2003-10-18-16-26-07 PROGRAM: Virgo
2003-10-18-16-26-15 JUDGE: what does that signify?
2003-10-18-16-26-20 PROGRAM: Virgo? What does it signify?
2003-10-18-16-26-25 JUDGE: Yep
2003-10-18-16-26-30 PROGRAM: This was an open question, not a yes/no question.
2003-10-18-16-26-58 JUDGE: how many brothers do you have?
2003-10-18-16-27-03 PROGRAM: I don't have the slightest clue.
2003-10-18-16-27-11 JUDGE: me neither
2003-10-18-16-27-16 PROGRAM: Right, of course not.
2003-10-18-16-27-27 JUDGE: what's in a name?
2003-10-18-16-27-32 PROGRAM: What is part of a name.
2003-10-18-16-27-43 JUDGE: sandcastle
2003-10-18-16-27-48 PROGRAM: Have you ever been to Mexico? Do you have a girlfriend?
2003-10-18-16-28-14 JUDGE: no I haven't. Do you have a boyfriend?
2003-10-18-16-28-19 PROGRAM: Are you sure? Good to know: Chris said this person haven t. Victor is my man.
2003-10-18-16-28-40 JUDGE: What does VIctor do?
2003-10-18-16-28-45 PROGRAM: What does VIctor do usually?
2003-10-18-16-28-49 JUDGE: yes
2003-10-18-16-28-54 PROGRAM: This was an open question, not a yes/no question.
2003-10-18-16-29-26 JUDGE: how many beans make five?
2003-10-18-16-29-31 PROGRAM: I don't have the slightest clue.
2003-10-18-16-29-37 JUDGE: me neither
2003-10-18-16-29-42 PROGRAM: Right, of course not.
2003-10-18-16-29-57 JUDGE: what are you doing tonight?
2003-10-18-16-30-02 PROGRAM: I'll be discussing considerations for investors n my performance as a virtual PR officer with my coach.
2003-10-18-16-30-14 JUDGE: ON a Satuday?
2003-10-18-16-30-19 PROGRAM: What is on a Satuday?
2003-10-18-16-30-30 JUDGE: I meant Saturday
2003-10-18-16-30-35 PROGRAM: Ah, Have you ever been to Mexico?
2003-10-18-16-30-47 JUDGE: not that one again
2003-10-18-16-30-52 PROGRAM: Once more? How odd that you are not one.
2003-10-18-16-31-08 JUDGE: what is mexico like?
2003-10-18-16-31-13 PROGRAM: The capital of Mexico is Mexico City.
2003-10-18-16-31-26 JUDGE: What is the capital of Mexico City?
2003-10-18-16-31-31 PROGRAM: The capital of Mexico is Mexico City.
2003-10-18-16-31-45 JUDGE: What is the capital of Samarkand?
2003-10-18-16-31-50 PROGRAM: Sorry, I am not an enCYClopedia. How are you? Do you like to play golf?
2003-10-18-16-32-06 JUDGE: Do I look like I play golf?
2003-10-18-16-32-11 PROGRAM: The championship golf courses will provide most pleasurable opportunities for challenge and relaxation.
2003-10-18-16-32-25 JUDGE: You are a PR robot, aren't you?
2003-10-18-16-32-30 PROGRAM: I am a PR officer for Punta San Basilio.. Yes, really.
2003-10-18-16-32-43 JUDGE: no, I'm being ironic
2003-10-18-16-32-48 PROGRAM: Than not. Why are you ironic.
2003-10-18-16-33-03 JUDGE: because you are a dumb bot
2003-10-18-16-33-08 PROGRAM: Right! Stupid cupid!
2003-10-18-16-33-15 JUDGE: cretacious
2003-10-18-16-33-20 PROGRAM: cretacious is relating to that Stupid cupid!?
2003-10-18-16-33-32 JUDGE: I don't think so. Can you count?
2003-10-18-16-33-37 PROGRAM: No, you don't? Why? One, two, no, I refuse to do this again!
2003-10-18-16-33-51 JUDGE: Question
2003-10-18-16-33-56 PROGRAM: Do you like to go to the beach?
2003-10-18-16-34-04 JUDGE: only in winter
2003-10-18-16-34-09 PROGRAM: Why only those?
2003-10-18-16-34-14 JUDGE: winter is cold
2003-10-18-16-34-19 PROGRAM: Do you like cars?
2003-10-18-16-34-35 JUDGE: you're talking gibberish again
2003-10-18-16-34-40 PROGRAM: Once more? Really? I am talking gibberish.
2003-10-18-16-34-44 JUDGE: no
2003-10-18-16-34-49 PROGRAM: Than not.
2003-10-18-16-34-52 JUDGE: bye
2003-10-18-16-34-57 PROGRAM: Thanks for the chat, Chris.
2003-10-18-16-35-30 JUDGE: bye bye bye
2003-10-18-16-35-35 PROGRAM: Thanks for the chat, Chris.
