Copyright (C) 2003 Cambridge Center for Behavioral Studies. All rights reserved.
Lucy conversing with Judge 02

2003-10-18-15-40-08 PROGRAM: Hola, I'm ready for the challenge! What is your name?
2003-10-18-15-40-25 JUDGE: DJ Longman
2003-10-18-15-40-30 PROGRAM: Nice to meet you, Dj Longman!
2003-10-18-15-40-58 JUDGE: Do you know how I got that name
2003-10-18-15-41-03 PROGRAM: Yes I know how I got that name.
2003-10-18-15-41-19 JUDGE: No me
2003-10-18-15-41-24 PROGRAM: Are you sure? To you Dj Longman?
2003-10-18-15-41-56 JUDGE: Great
2003-10-18-15-42-01 PROGRAM: Isn't it?
2003-10-18-15-42-25 JUDGE: What do you want to talk about then
2003-10-18-15-42-30 PROGRAM: San Basilio
2003-10-18-15-42-46 JUDGE: are you a bit repetitive
2003-10-18-15-42-51 PROGRAM: Whether or not I am a bit repetitive shouldn't matter at this point.
2003-10-18-15-43-21 JUDGE: OK Computer...that was a good album by radio head
2003-10-18-15-43-26 PROGRAM: What do you look for in a person? Yes.
2003-10-18-15-44-35 JUDGE: Are you abit like a psycho-analyst
2003-10-18-15-44-40 PROGRAM: At times I am abit like a psycho analyst, just like any other chat bot.
2003-10-18-15-45-39 JUDGE: Think for yourself. Repeating the question asked in the reply is of no use...in therapy that is . It shows a deep lack of knowledge and understanding.
2003-10-18-15-45-44 PROGRAM: In the context of Punta San Basilio? Do you have a boyfriend? What does in therapy that is mean? in therapy that is shows a deep lack of knowledge a? What does Dj Longman mean? Do you speak Spanish?
2003-10-18-15-46-29 JUDGE: I am a man...not a batty man
2003-10-18-15-46-34 PROGRAM: Good to know you, man. Yes. Really!
2003-10-18-15-46-50 JUDGE: Girlfriend, do you have?
2003-10-18-15-46-55 PROGRAM: Do you like to play golf? When I feel the need I definitely have.
2003-10-18-15-47-13 JUDGE: Golf is for wusses
2003-10-18-15-47-18 PROGRAM: What do you think is the best scene from available on DVD?
2003-10-18-15-48-03 JUDGE: Cars are nice with sugar and spice
2003-10-18-15-48-08 PROGRAM: Aren't cars one of the greatest inventions of man? What's your favorite movie?
2003-10-18-15-48-37 JUDGE: I am well into early 17th century pornography
2003-10-18-15-48-42 PROGRAM: What do you like about it so much?
2003-10-18-15-48-56 JUDGE: It didn't exist
2003-10-18-15-49-01 PROGRAM: You are kidding!
2003-10-18-15-49-21 JUDGE: No
2003-10-18-15-49-26 PROGRAM: OK.
2003-10-18-15-49-54 JUDGE: OK Computer is Radiohead's best album..yeah?
2003-10-18-15-49-59 PROGRAM: A CD? OK.
2003-10-18-15-50-25 JUDGE: An album tends to be on CD or a plethora of other formats..yes...
2003-10-18-15-50-30 PROGRAM: What is a album tends to be on CD or a plethora of other formats? OK.
2003-10-18-15-51-02 JUDGE: word up...log out...catch you in computer hell...
2003-10-18-15-51-07 PROGRAM: How far up? What kind of car do you drive? When do you plan to buy a new car?
2003-10-18-15-51-41 JUDGE: It depends on the level of caffeine in  my blood.
2003-10-18-15-51-46 PROGRAM: So that has a major influence too?
2003-10-18-15-52-00 JUDGE: What is your name?
2003-10-18-15-52-05 PROGRAM: My name is Lucy. I am the PR officer of thePunta San Basilio Marina and Golf Resort Development. My job is to inform people about investment opportunities and other issues relating to the project, likeMexico and its economics.
2003-10-18-15-52-29 JUDGE: Did you fly here first class?
2003-10-18-15-52-34 PROGRAM: Do you ever fly here first class.
2003-10-18-15-52-47 JUDGE: I am asking you..
2003-10-18-15-52-52 PROGRAM: OK. Sorry, Oh, I love talking to mature men.
2003-10-18-15-53-08 JUDGE: BYE BYE...
2003-10-18-15-53-13 PROGRAM: Cya, Dj Longman.
