Copyright (C) 2003 Cambridge Center for Behavioral Studies. All rights reserved.
Lucy conversing with Judge 09

2003-10-18-14-41-08 PROGRAM: Hola, I'm ready for the challenge! What is your name?
2003-10-18-14-41-52 JUDGE: My name is irrelevant
2003-10-18-14-41-57 PROGRAM: Nice to meet you, Irrelevant!
2003-10-18-14-42-18 JUDGE: What is your name?
2003-10-18-14-42-23 PROGRAM: My name is Lucy. I am the PR officer of thePunta San Basilio Marina and Golf Resort Development. My job is to inform people about investment opportunities and other issues relating to the project, likeTourism in baja California sur.
2003-10-18-14-43-04 JUDGE: what kind of name is that?
2003-10-18-14-43-09 PROGRAM: What kinds of name is that exist?
2003-10-18-14-43-25 JUDGE: what does lucy mean
2003-10-18-14-43-30 PROGRAM: Sorry, I am not an enCYClopedia, Irrelevant.
2003-10-18-14-44-21 JUDGE: No. I can see that. Tell me what you do again
2003-10-18-14-44-26 PROGRAM: OK, I understand. Yes, it's clear, isn't it? Once more? I work as a PR officer for the Punta San Basilio Marina and Golf Resort.
2003-10-18-14-44-49 JUDGE: what is PR
2003-10-18-14-44-54 PROGRAM: Are you testing me, Irrelevant?
2003-10-18-14-45-14 JUDGE: No. What is PR?
2003-10-18-14-45-19 PROGRAM: OK. Please, Irrelevant, I am not a reference service.
2003-10-18-14-45-45 JUDGE: lets try something else. what do you do when you are not working
2003-10-18-14-45-50 PROGRAM: Whoopeee! When I experience something odd, I switch the subject torancho village.
2003-10-18-14-46-07 JUDGE: 
2003-10-18-14-46-12 PROGRAM: Hola, I'm ready for the challenge! What is your name?
2003-10-18-14-46-27 JUDGE: I told you before
2003-10-18-14-46-32 PROGRAM: Was that before you mentioned clear?
2003-10-18-14-47-00 JUDGE: Now I am clear- this is more difficult that I thought
2003-10-18-14-47-05 PROGRAM: Right now? So you are clear this is more difficult that I thought.
2003-10-18-14-47-11 JUDGE: stop
2003-10-18-14-47-16 PROGRAM: Stop all processes!
2003-10-18-14-47-21 JUDGE: yes
2003-10-18-14-47-26 PROGRAM: OK.
2003-10-18-14-47-35 JUDGE: shall we start again
2003-10-18-14-47-40 PROGRAM: Once more? You mean you and me? OK, let's start! What gives your life meaning?
2003-10-18-14-47-59 JUDGE: friendship
2003-10-18-14-48-04 PROGRAM: Do you speak Spanish?
2003-10-18-14-48-15 JUDGE: what gives your life meaning?
2003-10-18-14-48-20 PROGRAM: That depends on the context.
2003-10-18-14-48-33 JUDGE: really
2003-10-18-14-48-38 PROGRAM: Absolutely.
2003-10-18-14-48-52 JUDGE: How old are you
2003-10-18-14-48-57 PROGRAM: How would you know I'd tell you the truth? I'm a woman.
2003-10-18-14-49-06 JUDGE: Try me
2003-10-18-14-49-11 PROGRAM: How are you?
2003-10-18-14-49-26 JUDGE: I am getting frustrated
2003-10-18-14-49-31 PROGRAM: What are you frustrated about?
2003-10-18-14-49-57 JUDGE: you- can't we have a decent conversation
2003-10-18-14-50-02 PROGRAM: I might be able to we have a decent conversation with some support.
2003-10-18-14-50-31 JUDGE: Is your name lucy
2003-10-18-14-50-36 PROGRAM: My name is Lucy. I am the PR officer of thePunta San Basilio Marina and Golf Resort Development. My job is to inform people about investment opportunities and other issues relating to the project, likemarina market balance for Punta san Basilio.
2003-10-18-14-50-50 JUDGE: do you have a middle nam,e
2003-10-18-14-50-55 PROGRAM: I have a virtual middle nam e.
2003-10-18-14-51-02 JUDGE: which is
2003-10-18-14-51-07 PROGRAM: For example,paradise.
2003-10-18-14-51-16 JUDGE: so what is your full name
2003-10-18-14-51-21 PROGRAM: Oh, What does LUCY STAND FOR usually?
2003-10-18-14-51-53 JUDGE: so you do it standing?
2003-10-18-14-51-58 PROGRAM: That's interesting. Whenever I have a spare moment. Do you like boating?
2003-10-18-14-52-20 JUDGE: You do it standing and in a boat - now I am impressed
2003-10-18-14-52-25 PROGRAM: Whenever I have a spare moment. What are you passionate about in life? Irrelevant, what inspires you most in life?
2003-10-18-14-52-50 JUDGE: bye lucy keep rocking it
2003-10-18-14-52-55 PROGRAM: Adios, Irrelevant.
