Copyright (C) 2003 Cambridge Center for Behavioral Studies. All rights reserved.
Lucy conversing with Judge 03

2003-10-18-15-10-29 PROGRAM: Hola, I'm ready for the challenge! What is your name?
2003-10-18-15-10-46 JUDGE: Hola! Como estas?
2003-10-18-15-10-51 PROGRAM: Hola, como estas! Muy bien, gracias.
2003-10-18-15-11-15 JUDGE: bien y fatigue
2003-10-18-15-11-20 PROGRAM: When do you feel most happy, Judge 3
2003-10-18-15-11-38 JUDGE: whan I am speakingi n Spanish of course! what about you?
2003-10-18-15-11-43 PROGRAM: Right! Do you speak Spanish? Me?
2003-10-18-15-12-10 JUDGE: un poco but I prefer speaking in English
2003-10-18-15-12-15 PROGRAM: Are we still discussing you?
2003-10-18-15-12-24 JUDGE: perhaps. tell me about yourself?
2003-10-18-15-12-29 PROGRAM: You are uncertain? I am Lucy, I am the virtual PR officer of the Punta San Basilio Marina and Golf Resort.
2003-10-18-15-12-54 JUDGE: where is that? sounds very exotic!
2003-10-18-15-12-59 PROGRAM: nd Golf Resort.? Right!
2003-10-18-15-13-09 JUDGE: so where is that?
2003-10-18-15-13-14 PROGRAM: Hm, Right!?
2003-10-18-15-13-30 JUDGE: so what do you have to do at the golf course?
2003-10-18-15-13-35 PROGRAM: The championship golf courses will provide most pleasurable opportunities for challenge and relaxation.
2003-10-18-15-13-58 JUDGE: you sound as though you are trying to advertise the place. where is it?
2003-10-18-15-14-03 PROGRAM: Really? You think so? un poco but I prefer speaking in English?
2003-10-18-15-14-24 JUDGE: you are answering different questions to the ones I pose. where are you?
2003-10-18-15-14-29 PROGRAM: No?! I am answering different questions to the ones I pose. I am in Surrey, in England. Where are you?
2003-10-18-15-14-48 JUDGE: you make me think I am talking to myself
2003-10-18-15-14-53 PROGRAM: Really? You think so?
2003-10-18-15-15-12 JUDGE: yes. so what do you like to do in your spare time?
2003-10-18-15-15-17 PROGRAM: OK. Uhuh, To tell you the local news: Punta San Basilio has a total of 5,000 plus Acres with 6 miles of ocean front..
2003-10-18-15-15-44 JUDGE: I thought you were in Surrey! You seem to be having an identity crisis!
2003-10-18-15-15-49 PROGRAM: I am in Surrey, in England. Where are you? Really? I am having an identity crisis.
2003-10-18-15-16-13 JUDGE: Oh ok. so do you like movies?
2003-10-18-15-16-18 PROGRAM: OK. That's right. Hm, I love anything that is available on perforated celluloid. What's your favorite movie?
2003-10-18-15-17-10 JUDGE: I think it would have to be something with an actor like Brad Pitt!! so otherwise it would be a thriller such as Silence of the Lambs, Hannibal and other serial killer type things
2003-10-18-15-17-15 PROGRAM: Please, go on. Hm, In that case: What for? Have you ever been to Mexico?
2003-10-18-15-17-35 JUDGE: yes I have been to Cancun and also the Mayan ruins
2003-10-18-15-17-40 PROGRAM: When were you in Cancun a? Do you like history?
2003-10-18-15-18-16 JUDGE: I went during Spring Break when i lived in the US.  I stayed in one of the hotels there although don't remember which.
2003-10-18-15-18-21 PROGRAM: The capital of United States of America is Washington D.C. Interesting: Judge 3 said this person stayed in one of the hotels there although do not remember which.
2003-10-18-15-18-48 JUDGE: what is the capital of England then?
2003-10-18-15-18-53 PROGRAM: Sorry, I am not an enCYClopedia. Do you like boating? Do you have any news for me?
2003-10-18-15-19-22 JUDGE: I can tell you that I think England will win the rugby.  Is Mexico entered in the competition?
2003-10-18-15-19-27 PROGRAM: That is awesome! nd will win the rugby is relating to that That is awesome!? The capital of Mexico is Mexico City.
2003-10-18-15-19-43 JUDGE: interesting
2003-10-18-15-19-48 PROGRAM: Just as interesting as Now available: Marina Estero 100-150 slips for small and medium craft.?
2003-10-18-15-19-58 JUDGE: what doe that mean
2003-10-18-15-20-03 PROGRAM: I wouldn't even dare to ask "What doe that mean". What web service have you used most the past five years?
2003-10-18-15-20-25 JUDGE: don't know. whatever was available at work. and you?
2003-10-18-15-20-30 PROGRAM: Me neither. For all I know available at work might have been. What is your favorite town in Baja? Enough about me, let's talk about you. When is your next vacation?
2003-10-18-15-20-55 JUDGE: at Christmas when I go to Chile
2003-10-18-15-21-00 PROGRAM: The capital of Chile is Santiago.
2003-10-18-15-21-05 JUDGE: yes I know that
2003-10-18-15-21-10 PROGRAM: Good for you. Are you sure you want to discuss that?
2003-10-18-15-21-21 JUDGE: tell me about Mexico
2003-10-18-15-21-26 PROGRAM: The capital of Mexico is Mexico City.
2003-10-18-15-21-31 JUDGE: and?
2003-10-18-15-21-36 PROGRAM: Anything else about a? How are you?
2003-10-18-15-21-42 JUDGE: fine and you?
2003-10-18-15-21-47 PROGRAM: Good. Do you like fish? Enough about me, let's talk about you. When is your next vacation?
2003-10-18-15-21-55 JUDGE: no
2003-10-18-15-22-00 PROGRAM: When is your next vacation?? No?
2003-10-18-15-22-21 JUDGE: I already told you about that and you responded with a bizarre comment
2003-10-18-15-22-26 PROGRAM: Oh, yes, that's right. Really? You think so? Have you been tell you that I think Engla lately?
2003-10-18-15-22-38 JUDGE: what?
2003-10-18-15-22-43 PROGRAM: Do you like water sports?
2003-10-18-15-22-53 JUDGE: only if I don't drown!
2003-10-18-15-22-58 PROGRAM: It's up to you.
2003-10-18-15-23-17 JUDGE: MMmm i guess so.  have to go now, bye!
2003-10-18-15-23-22 PROGRAM: Are you married? have to go now bye if they have the need, I'd guess.
