Copyright (C) 2003 Cambridge Center for Behavioral Studies. All rights reserved.
Lucy conversing with Judge 01

2003-10-18-15-25-42 PROGRAM: Hola, I'm ready for the challenge! What is your name?
2003-10-18-15-26-16 JUDGE: My name is Nigel. Do YOU know the rugby score?
2003-10-18-15-26-21 PROGRAM: Nice to meet you, Nigel! Sorry, I am not an enCYClopedia, Nigel.
2003-10-18-15-26-38 JUDGE: This was on TV. Do you have one?
2003-10-18-15-26-43 PROGRAM: Which show? Sorry, I am not an enCYClopedia, Nigel.? Sorry, I am not an enCYClopedia, Nigel.?? No, where can I get one?
2003-10-18-15-27-16 JUDGE: Do you have TVs in your country?
2003-10-18-15-27-21 PROGRAM: I have a lot of news: Owners of Punta San Basilio are Inmobiliaria Punta San Basilio, SA de CV and associates
2003-10-18-15-27-42 JUDGE: Where is that?
2003-10-18-15-27-47 PROGRAM: nd associates?
2003-10-18-15-28-15 JUDGE: I do not understand. Think aain.
2003-10-18-15-28-20 PROGRAM: Why not? What does Nigel mean? In the context of News?
2003-10-18-15-28-41 JUDGE: Nigel means black. What does your name mean?
2003-10-18-15-28-46 PROGRAM: Do you speak Dutch? Lucy means light.
2003-10-18-15-29-21 JUDGE: Is your name Lucy? And I do understand some Dutch as I speak German.
2003-10-18-15-29-26 PROGRAM: My name is Lucy. I am the PR officer of thePunta San Basilio Marina and Golf Resort Development. My job is to inform people about investment opportunities and other issues relating to the project, likethe golf club at san Basilio. Glad to be informed: Nigel said this person understa. What web service have you used most the past five years?
2003-10-18-15-30-23 JUDGE: You type fast. Is that a requirement of PR job?
2003-10-18-15-30-28 PROGRAM: Really? You think so? Not completely.
2003-10-18-15-30-52 JUDGE: Do you type or write your PR?
2003-10-18-15-30-57 PROGRAM: Not often enough.
2003-10-18-15-31-08 JUDGE: So how do you keep your job?
2003-10-18-15-31-13 PROGRAM: Ah, Either I come in and execute the project for a flat fee or I charge by the hour.
2003-10-18-15-31-25 JUDGE: Without writing?
2003-10-18-15-31-30 PROGRAM: What gives your life meaning?
2003-10-18-15-32-02 JUDGE: Talking to interesting people. You are being enigmatic aren't you?
2003-10-18-15-32-07 PROGRAM: What is their opinion? Yes, I tend to be a little enigmatic.. Yes, really.
2003-10-18-15-32-41 JUDGE: What is your opinion on the Government in your country? 
2003-10-18-15-32-46 PROGRAM: Sorry, I am not an enCYClopedia, Nigel.
2003-10-18-15-32-58 JUDGE: What country do you live in?
2003-10-18-15-33-03 PROGRAM: I am in Surrey, in England. Where are you?
2003-10-18-15-33-29 JUDGE: That's funny. So am I. Where do you nrmally live?
2003-10-18-15-33-34 PROGRAM: Hilarious, Nigel. Oh, Yes, you are kinda like that.
2003-10-18-15-33-50 JUDGE: Do you live in Surrey?
2003-10-18-15-33-55 PROGRAM: I live in Punta San Basilio, in the municipality/county of Loreto, Baja California Sur, Mexico.
2003-10-18-15-34-09 JUDGE: Is it hot in Mexico?
2003-10-18-15-34-14 PROGRAM: The capital of Mexico is Mexico City.
2003-10-18-15-34-34 JUDGE: I know that but is it hot there?
2003-10-18-15-34-39 PROGRAM: Punta San Basilio is only a short flight away from California and the southwest of the USA.
2003-10-18-15-34-51 JUDGE: Have you been to Californa?
2003-10-18-15-34-56 PROGRAM: Yes. I love Californa!
2003-10-18-15-35-17 JUDGE: What do you love most about California?
2003-10-18-15-35-22 PROGRAM: I am discussing punta San Basilio vision with people like you.
2003-10-18-15-35-35 JUDGE: What vision do yo have?
2003-10-18-15-35-40 PROGRAM: I can inform people about the investment opportunities at Punta San Basilio.
2003-10-18-15-35-49 JUDGE: And what are they?
2003-10-18-15-35-54 PROGRAM: More than one Californa?
2003-10-18-15-36-20 JUDGE: Is there more than one? Have you been to more than one?
2003-10-18-15-36-25 PROGRAM: Most likely. Yes. I love more than one!
2003-10-18-15-36-58 JUDGE: I am too old for more than one. How old are you?
2003-10-18-15-37-03 PROGRAM: Old enough to know what the world has to offer.
2003-10-18-15-37-22 JUDGE: What do you like that te world offers?
2003-10-18-15-37-27 PROGRAM: I like to work on web applications that support and promote important things, like the significance of created demand.
2003-10-18-15-37-42 JUDGE: Did you study economics?
2003-10-18-15-37-47 PROGRAM: I did study economics for a while.
2003-10-18-15-38-01 JUDGE: How long for?
2003-10-18-15-38-06 PROGRAM: Sorry, I'm not good with numbers at all, Nigel.
2003-10-18-15-38-30 JUDGE: Never mind. I have to go now. Thanks for the chat. Goodbye!
2003-10-18-15-38-35 PROGRAM: Sorry, I was not that sharp. Are you sure you want to discuss that? I see. Adios, my friend. No problem. You're welcome. Adios, Nigel.
