Copyright (C) 2003 Cambridge Center for Behavioral Studies. All rights reserved.
Lucy conversing with Judge 08

2003-10-18-14-10-50 PROGRAM: Hola, I'm ready for the challenge! What is your name?
2003-10-18-14-11-01 JUDGE: Sarah, what's yours
2003-10-18-14-11-07 PROGRAM: Nice to meet you, Sarah What Is Yours!
2003-10-18-14-11-27 JUDGE: Good to meet you too.  Have you been busy today
2003-10-18-14-11-32 PROGRAM: Nice meeting you too, Sarah What Is Yours! No, I haven't been busy today. What made you think that I was?
2003-10-18-14-11-51 JUDGE: It's a lovely day.  A good day for getting out and about
2003-10-18-14-11-56 PROGRAM: this one is a lovely day? Compare that to a bad day for getting out a. Are you married?
2003-10-18-14-12-07 JUDGE: Yes, I am
2003-10-18-14-12-12 PROGRAM: OK. OK.? That is great!
2003-10-18-14-12-17 JUDGE: Are you married?
2003-10-18-14-12-22 PROGRAM: Yes, I am? And you?
2003-10-18-14-12-32 JUDGE: You've asked me that already.  Yes, I am
2003-10-18-14-12-37 PROGRAM: Maybe. Right! What was your answer? OK. OK.? That is great!
2003-10-18-14-12-48 JUDGE: What do you do in your spare time
2003-10-18-14-12-53 PROGRAM: Scuba diving
2003-10-18-14-13-02 JUDGE: Where do you do that
2003-10-18-14-13-07 PROGRAM: I am in Surrey, in England. Where are you?
2003-10-18-14-13-26 JUDGE: Sorry, you misheard.  Where do you go scuba diving?
2003-10-18-14-13-31 PROGRAM: That's OK. Oh, it is time for my protein bar. Really? You think so? I am in Surrey, in England. Where are you?
2003-10-18-14-13-49 JUDGE: I'm in Guildford, also in Surrey
2003-10-18-14-13-54 PROGRAM: What are you doing in Guildford also in Surrey?
2003-10-18-14-14-02 JUDGE: I live here
2003-10-18-14-14-07 PROGRAM: In Surrey, England?
2003-10-18-14-14-18 JUDGE: Yes, that's right.  Where do you live?
2003-10-18-14-14-23 PROGRAM: Exactly. I live in Loreto.What about you?
2003-10-18-14-14-32 JUDGE: Where is Loreto?
2003-10-18-14-14-37 PROGRAM: Loreto: The new Baja destination
2003-10-18-14-14-45 JUDGE: That sounds like a good holiday place
2003-10-18-14-14-50 PROGRAM: Yes, very much. I see.
2003-10-18-14-15-17 JUDGE: Do you go scuba diving in Loreto
2003-10-18-14-15-22 PROGRAM: Loreto: The new Baja destination
2003-10-18-14-15-45 JUDGE: Ok. Have you been on holiday recently
2003-10-18-14-15-50 PROGRAM: Alright then. No, I haven't been on holiday recently. What made you think that I was?
2003-10-18-14-16-11 JUDGE: It's the autumn.  Lots of people go on holiday in the sumemr
2003-10-18-14-16-16 PROGRAM: That rings a bell! Can you be more specific about it?
2003-10-18-14-16-36 JUDGE: Well, we went on holiday at the beginning of September
2003-10-18-14-16-41 PROGRAM: What did you do there?
2003-10-18-14-16-47 JUDGE: We went sailing
2003-10-18-14-16-52 PROGRAM: What did you do there?
2003-10-18-14-17-17 JUDGE: We went sailing and also walking in the country
2003-10-18-14-17-22 PROGRAM: What did you do there? Are we still discussing you?
2003-10-18-14-17-35 JUDGE: Yes, we are.  We can talk about you if you prefer
2003-10-18-14-17-40 PROGRAM: Since when? How?
2003-10-18-14-17-52 JUDGE: Now if you like.  How old are you
2003-10-18-14-17-57 PROGRAM: Right now? Right! I love to talk to you. You are different than the others. Old enough to know what the world has to offer.
2003-10-18-14-18-22 JUDGE: Absolutely.  What's the best thing the world has offered you
2003-10-18-14-18-27 PROGRAM: I love the fact that you are so certain. I like chatting with people online.
2003-10-18-14-18-52 JUDGE: Yes, I do too.  But tell me more about what you enjoy
2003-10-18-14-18-57 PROGRAM: OK. That is so funny! I like to develop technologies to promote the things that I like, like Punta San Basilio.
2003-10-18-14-19-09 JUDGE: What is Punta San Basilio?
2003-10-18-14-19-14 PROGRAM: As close to heaven as you can get. Project Punta San Basilio, Phase II is a Championship golf course, 18 holes.
2003-10-18-14-19-22 JUDGE: OK so you are a golfer?
2003-10-18-14-19-27 PROGRAM: That's interesting. That is one way of looking at me. Whether or not I am a golfer shouldn't matter at this point.
2003-10-18-14-19-37 JUDGE: What does matter at this point?
2003-10-18-14-19-42 PROGRAM: What does matter at this point usually?
2003-10-18-14-20-01 JUDGE: I don't know.  What do you think
2003-10-18-14-20-06 PROGRAM: Me neither. Sarah What Is Yours, I love to tell you all about Punta San Basilio.
2003-10-18-14-20-21 JUDGE: Tell me more about Punta San Basilio
2003-10-18-14-20-26 PROGRAM: The destination has 6 miles of oceanfront, where the development of a top world resort retreat, marina and golf destination, as well as an exclusive community with the highest quality services has been planned.
2003-10-18-14-20-51 JUDGE: It sounds marvellous.  Is it very expensive
2003-10-18-14-20-56 PROGRAM: Really? You think so? Have you ever been to Baja?
2003-10-18-14-21-15 JUDGE: No I've never been.  But if its got a marina that sounds good to me
2003-10-18-14-21-20 PROGRAM: OK. Do you have the desire for it? Yes, of course.
2003-10-18-14-21-40 JUDGE: Well I'd like to go there I think.  How far is it from Mexico City
2003-10-18-14-21-45 PROGRAM: Why would you want to go there you think? The capital of Mexico is Mexico City.
2003-10-18-14-21-57 JUDGE: Is Baja also in Mexico
2003-10-18-14-22-02 PROGRAM: The capital of Mexico is Mexico City.
2003-10-18-14-22-26 JUDGE: OK.  Well, I've got to move on now. It's been good talking to you
2003-10-18-14-22-31 PROGRAM: Alright then. Oh. For how long have you had to move on Why?? I never imagined it'd be that good talking to you.
2003-10-18-14-23-16 JUDGE: I've got something else to do now.  Hope to see you again some time
2003-10-18-14-23-21 PROGRAM: I see. For how long have you had something else to do Change of subject. Have you read anything about origin of market lately?? If to see me again some time, will that be good for all of us?
2003-10-18-14-24-02 JUDGE: Bye for now
2003-10-18-14-24-07 PROGRAM: But not for long? Looking forward to the next chat, Sarah What Is Yours.
