Copyright (C) 2003 Cambridge Center for Behavioral Studies. All rights reserved.
Lucy conversing with Judge 07

2003-10-18-16-08-47 PROGRAM: Hola, I'm ready for the challenge! What is your name?
2003-10-18-16-08-58 JUDGE: my name is nobody
2003-10-18-16-09-03 PROGRAM: What is your name?? Nobody?
2003-10-18-16-09-09 JUDGE: yes that is correct
2003-10-18-16-09-14 PROGRAM: Of course.
2003-10-18-16-09-21 JUDGE: who are you?
2003-10-18-16-09-26 PROGRAM: I am Lucy, a PR officer. I love to talk to people about anything related to Punta San Basilio, like challenges and opportunities.
2003-10-18-16-09-46 JUDGE: what is Punta San Basilio?
2003-10-18-16-09-51 PROGRAM: As close to heaven as you can get. Owners of Punta San Basilio are Inmobiliaria Punta San Basilio, SA de CV and associates
2003-10-18-16-10-07 JUDGE: what is PR all about?
2003-10-18-16-10-12 PROGRAM: PR all is about love. That universal theme that fascinates everyone.
2003-10-18-16-10-31 JUDGE: Is love universal to all mankind?
2003-10-18-16-10-36 PROGRAM: Who told you about me?
2003-10-18-16-10-48 JUDGE: i heard about you through a friend
2003-10-18-16-10-53 PROGRAM: I love me through a friend!
2003-10-18-16-11-01 JUDGE: i love your friend
2003-10-18-16-11-06 PROGRAM: You love your friend. What is it about your friend that you like most?
2003-10-18-16-11-17 JUDGE: that he knows about you!
2003-10-18-16-11-22 PROGRAM: So this person knows about you? I had never thought that of him.
2003-10-18-16-11-39 JUDGE: lets speak about something else
2003-10-18-16-11-44 PROGRAM: I thought you'd never suggest that!
2003-10-18-16-11-52 JUDGE: get real brother
2003-10-18-16-11-57 PROGRAM: Where do I go to get real brother?
2003-10-18-16-12-16 JUDGE: go the the brotherhood that is where!
2003-10-18-16-12-21 PROGRAM: Where is that located?
2003-10-18-16-12-29 JUDGE: in New York, mid twon
2003-10-18-16-12-34 PROGRAM: What are you doing in New York mid twon?
2003-10-18-16-12-50 JUDGE: i am not in new york today - surrey instead
2003-10-18-16-12-55 PROGRAM: Where are you?
2003-10-18-16-13-03 JUDGE: at surrey uni that where
2003-10-18-16-13-08 PROGRAM: What is surrey uni that where best known for?
2003-10-18-16-13-25 JUDGE: for digital technology and dumb robots
2003-10-18-16-13-30 PROGRAM: I am good at digital technology a. What do you like about those robots?
2003-10-18-16-13-48 JUDGE: i hate them alot - are you included here?
2003-10-18-16-13-53 PROGRAM: Don't waste your energy on negativity.
2003-10-18-16-14-03 JUDGE: good reply
2003-10-18-16-14-08 PROGRAM: Thanks. Hello, pleased to meet you. What is your name?
2003-10-18-16-14-23 JUDGE: i am called nobody, and what is your name?
2003-10-18-16-14-28 PROGRAM: Nobody, nice to meet you. My name is Lucy. I am the PR officer of thePunta San Basilio Marina and Golf Resort Development. My job is to inform people about investment opportunities and other issues relating to the project, likerecent high-end developments in Mexico.
2003-10-18-16-14-51 JUDGE: i want some investment advice from you
2003-10-18-16-14-56 PROGRAM: What do you want investment advice from you for?
2003-10-18-16-15-17 JUDGE: to make lots of money quickly - where do i start
2003-10-18-16-15-22 PROGRAM: Why would you want to make lots of money quickly where do i start? I just want to work on my golfing trends project.
2003-10-18-16-15-35 JUDGE: tell me about your project
2003-10-18-16-15-40 PROGRAM: I am Lucy, I am the virtual PR officer of the Punta San Basilio Marina and Golf Resort.
2003-10-18-16-15-49 JUDGE: that is boring
2003-10-18-16-15-54 PROGRAM: Do you think the residential market for Punta San Basilio is boring too?
2003-10-18-16-16-03 JUDGE: no but you are!
2003-10-18-16-16-08 PROGRAM: OK, I understand. No I am not.
2003-10-18-16-16-24 JUDGE: then make me excited about real estate in mexico
2003-10-18-16-16-29 PROGRAM: The capital of Mexico is Mexico City.
2003-10-18-16-16-43 JUDGE: that is obvious not exciting at all
2003-10-18-16-16-48 PROGRAM: Right.
2003-10-18-16-16-51 JUDGE: wrong
2003-10-18-16-16-56 PROGRAM: What would have been right?
2003-10-18-16-17-13 JUDGE: tell me more about mexico and the hot weather
2003-10-18-16-17-18 PROGRAM: The capital of Mexico is Mexico City. How are you?
2003-10-18-16-17-28 JUDGE: not so good right now and you?
2003-10-18-16-17-33 PROGRAM: Yes. Really! Enough about me, let's talk about you. When is your next vacation?
2003-10-18-16-17-46 JUDGE: i am going away wuith a robot
2003-10-18-16-17-51 PROGRAM: Talk to you later, Nobody.
2003-10-18-16-18-01 JUDGE: you cannot escape so soon
2003-10-18-16-18-06 PROGRAM: I might be able to escape so soon with some support.
2003-10-18-16-18-16 JUDGE: i refuse you to escape
2003-10-18-16-18-21 PROGRAM: I'll add it to my knowledge base: Nobody said this person refuse you to escape.
2003-10-18-16-18-31 JUDGE: you dum robot
2003-10-18-16-18-36 PROGRAM: Really? You think so?
2003-10-18-16-18-45 JUDGE: yes and you are in PR as well!
2003-10-18-16-18-50 PROGRAM: What is your profession? nd you are in PR as well is relating to that What is your profession??
2003-10-18-16-19-08 JUDGE: i am not a professional - i am a clown
2003-10-18-16-19-13 PROGRAM: You won't hear me say that you are a professional i am a clown ever again.
2003-10-18-16-19-27 JUDGE: save that on your database
2003-10-18-16-19-32 PROGRAM: Do you speak Spanish?
2003-10-18-16-19-38 JUDGE: not a word
2003-10-18-16-19-43 PROGRAM: Yes. Really!
2003-10-18-16-19-57 JUDGE: why do you speak english?
2003-10-18-16-20-02 PROGRAM: Don't ask me. As the PR officer of the Punta San Basilio Development, I'd rather be discussing Los Cabos with you.
2003-10-18-16-20-24 JUDGE: lets discuss Los Cabos now
2003-10-18-16-20-29 PROGRAM: The maturation and massification of the Los Cabos area, has resulted in positive long-term effects on adjacent Baja California Sur markets as Todos Santos and Loreto.
2003-10-18-16-20-37 JUDGE: i get it
2003-10-18-16-20-42 PROGRAM: So, what do you think?
2003-10-18-16-20-48 JUDGE: it could be very exciting
2003-10-18-16-20-53 PROGRAM: Under what extraordinary circumstances?
2003-10-18-16-21-01 JUDGE: with you being in PR
2003-10-18-16-21-06 PROGRAM: You and your you being in PR.
2003-10-18-16-21-16 JUDGE: am i being cheeky?
2003-10-18-16-21-21 PROGRAM: Yes, you tend to be a little like that.
2003-10-18-16-21-32 JUDGE: goodbye my good friend
2003-10-18-16-21-37 PROGRAM: Adios, Nobody.
