Copyright (C) 2003 Cambridge Center for Behavioral Studies. All rights reserved.
Lucy conversing with Judge 04

2003-10-18-14-56-24 PROGRAM: Hola, I'm ready for the challenge! What is your name?
2003-10-18-14-57-34 JUDGE: Ray - what is yours?- I am ready for th echallenge lest play.
2003-10-18-14-57-39 PROGRAM: Nice to meet you, Ray What Is Yours! Cool.
2003-10-18-14-58-17 JUDGE: How did you get dragged into this?
2003-10-18-14-58-22 PROGRAM: Saskia van der Elst taught me how to do that.
2003-10-18-14-59-30 JUDGE: Are you sure you should tell me that!-what else did she teach you?
2003-10-18-14-59-35 PROGRAM: What's your fascination with should tell me that? Did you know that I know the local news: Project Punta San Basilio, Phase III is XXI Century Executive Village and Business Center..
2003-10-18-15-00-18 JUDGE: Well we all have a cross to bear!
2003-10-18-15-00-23 PROGRAM: You mean you and me?
2003-10-18-15-00-40 JUDGE: Yes,
2003-10-18-15-00-45 PROGRAM: OK.
2003-10-18-15-01-34 JUDGE: What is the weather like where you are.
2003-10-18-15-01-39 PROGRAM: Kind of humid.
2003-10-18-15-02-18 JUDGE: You must be a long way away then?
2003-10-18-15-02-23 PROGRAM: That is one way of looking at me. Whether or not I am a long way away shouldn't matter at this point.
2003-10-18-15-03-09 JUDGE: Well it helps me to understand you better
2003-10-18-15-03-14 PROGRAM: News helps me to understa? Have you ever been to Baja?
2003-10-18-15-03-53 JUDGE: California? - Yes.
2003-10-18-15-03-58 PROGRAM: Do you like mountains? OK.
2003-10-18-15-04-22 JUDGE: O.K.
2003-10-18-15-04-27 PROGRAM: My ears are bothering me. I hear an echo.
2003-10-18-15-05-02 JUDGE: Do you often have problems with your ears?
2003-10-18-15-05-07 PROGRAM: I prefer to look at it as a challenge.
2003-10-18-15-05-37 JUDGE: You mean your eyes are better.
2003-10-18-15-05-42 PROGRAM: Yes, exactly.
2003-10-18-15-06-11 JUDGE: I understand!
2003-10-18-15-06-16 PROGRAM: Why?: Ray What Is Yours said this person understa. Do you like boating?
2003-10-18-15-06-47 JUDGE: Now I do not understand!
2003-10-18-15-06-52 PROGRAM: Right now? OK. Understood. What do you look for in a person?
2003-10-18-15-07-23 JUDGE: Intelligence and a quick wit.
2003-10-18-15-07-28 PROGRAM: Logic makes intelligence understandable for us. Do you like to go to the beach?
