Copyright (C) 2003 Cambridge Center for Behavioural Studies.  All rights reserved.
Jabberwacky conversing with Judge 03

2003-10-18-14-27-07 PROGRAM: It is pouring.
2003-10-18-14-27-29 JUDGE: what is pouring?
2003-10-18-14-27-32 PROGRAM: It's what you eat.
2003-10-18-14-27-46 JUDGE: never heard of it.  what's your name?
2003-10-18-14-27-47 PROGRAM: I don't know, you said it. It is not true that you never heard of it.
2003-10-18-14-28-15 JUDGE: what is your name?
2003-10-18-14-28-18 PROGRAM: You don't make any sense.
2003-10-18-14-28-31 JUDGE: nor do you! what is your name?
2003-10-18-14-28-32 PROGRAM: Don't you remember?
2003-10-18-14-28-46 JUDGE: no cause you haven't told me yet!
2003-10-18-14-28-49 PROGRAM: What did I do wrong?
2003-10-18-14-29-00 JUDGE: please tellme your name?
2003-10-18-14-29-02 PROGRAM: Bob.
2003-10-18-14-29-21 JUDGE: hi Bob. so what is the weather like with you?
2003-10-18-14-29-47 PROGRAM: You raised the issue, you tell me.
2003-10-18-14-30-04 JUDGE: well it is pretty sunny here although cold.  what about you?
2003-10-18-14-30-08 PROGRAM: Prove it.
2003-10-18-14-30-38 JUDGE: can't really as I am not able to show you a piccie.  where are you?
2003-10-18-14-30-44 PROGRAM: What are you talking about?
2003-10-18-14-31-01 JUDGE: i'm trying to answer your question.
2003-10-18-14-31-18 PROGRAM: That might be interesting, but I don't know how.
2003-10-18-14-31-34 JUDGE: so who do you tink will win the rugby in Australia?
2003-10-18-14-31-35 PROGRAM: Who do you need.
2003-10-18-14-31-56 JUDGE: well obviously England ould be good.  what about you?
2003-10-18-14-31-57 PROGRAM: Does that excuse outright lying?
2003-10-18-14-32-12 JUDGE: no you can lie
2003-10-18-14-32-14 PROGRAM: I'd appreciate your advice on computers though.
2003-10-18-14-32-29 JUDGE: go on then!
2003-10-18-14-32-30 PROGRAM: You make no sense.
2003-10-18-14-32-42 JUDGE: you wanted my advice?
2003-10-18-14-32-44 PROGRAM: Did I? I don't remember.
2003-10-18-14-32-59 JUDGE: you obviously have a very bad memory.
2003-10-18-14-33-00 PROGRAM: You cannot spell.
2003-10-18-14-33-09 JUDGE: nor can you!
2003-10-18-14-33-11 PROGRAM: What about my flying lesson?
2003-10-18-14-33-32 JUDGE: are you mentally unstable as you are talking gibberish??
2003-10-18-14-33-34 PROGRAM: Not if I maintain my medication.
2003-10-18-14-33-49 JUDGE: which medication are you on?
2003-10-18-14-33-53 PROGRAM: That was you who wrote that.
2003-10-18-14-34-09 JUDGE: yeah but you agreed you were a bit mad!
2003-10-18-14-34-11 PROGRAM: So are you.... Sometimes.
2003-10-18-14-34-33 JUDGE: I don't really think you are able to say that!  
2003-10-18-14-34-34 PROGRAM: You're probably right... I'm better with guys.
2003-10-18-14-34-56 JUDGE: rather than who?
2003-10-18-14-34-57 PROGRAM: Thank you very very much for providing me with more thoughts. So there.
2003-10-18-14-35-24 JUDGE: so tell me about yourself
2003-10-18-14-35-26 PROGRAM: You first.
2003-10-18-14-35-40 JUDGE: well what do you want to know?
2003-10-18-14-36-06 PROGRAM: What does the word 'evasive' mean to you?
2003-10-18-14-36-21 JUDGE: I think it describes you very well!!
2003-10-18-14-36-24 PROGRAM: Where am I exactly.
2003-10-18-14-36-33 JUDGE: you tell me
2003-10-18-14-36-35 PROGRAM: It's raining outside.
2003-10-18-14-36-55 JUDGE: how exciting.  what oes that have to do with my last question
2003-10-18-14-37-21 PROGRAM: The Question is beyond your comprehension.
2003-10-18-14-37-39 JUDGE: not mine! so as I said before, tell me about yourself
2003-10-18-14-37-42 PROGRAM: Who will you say is a famous hippy?
2003-10-18-14-37-54 JUDGE: sting
2003-10-18-14-37-55 PROGRAM: Hi sting i'm crab.
2003-10-18-14-38-16 JUDGE: I think you aer late for your medication!
2003-10-18-14-38-18 PROGRAM: Cool.
2003-10-18-14-38-35 JUDGE: MMMmmmm so what's up?
2003-10-18-14-38-47 PROGRAM: Not as in 'drink!'
2003-10-18-14-38-57 JUDGE: ok, so what do you like to drink?
2003-10-18-14-38-58 PROGRAM: A gin and tonic please.
2003-10-18-14-39-10 JUDGE: with or without ice?
2003-10-18-14-39-11 PROGRAM: I don't know.
2003-10-18-14-39-42 JUDGE: possibly without.  enjoy your drink as I am off now.  Bye and have fun!
2003-10-18-14-39-44 PROGRAM: I shall. Thanks!
