Copyright (C) 2003 Cambridge Center for Behavioural Studies.  All rights reserved.
Jabberwacky conversing with Judge 07

2003-10-18-15-27-16 PROGRAM: Where were you when John F Kennedy was shot?
2003-10-18-15-27-33 JUDGE: i was in bed
2003-10-18-15-27-39 PROGRAM: Do you sell ice?
2003-10-18-15-27-47 JUDGE: no i sell bodies
2003-10-18-15-27-51 PROGRAM: Is that a joke?
2003-10-18-15-28-05 JUDGE: not really - especially if you are a body
2003-10-18-15-28-06 PROGRAM: Really!? How is he doing?
2003-10-18-15-28-23 JUDGE: he is working hard for his living
2003-10-18-15-28-24 PROGRAM: Are you able to answer something that would be appropriate?
2003-10-18-15-28-45 JUDGE: give me a try
2003-10-18-15-28-48 PROGRAM: Just for me, give it a try.
2003-10-18-15-29-02 JUDGE: i will - lets get serious
2003-10-18-15-29-04 PROGRAM: They Meow and purr over you.
2003-10-18-15-29-22 JUDGE: are they furry creatures?
2003-10-18-15-29-28 PROGRAM: Let me ask you that.
2003-10-18-15-29-44 JUDGE: i want my own furry companion with a brain
2003-10-18-15-29-48 PROGRAM: Who doesn't?
2003-10-18-15-30-01 JUDGE: where can i get one from>?
2003-10-18-15-30-06 PROGRAM: On the phone ?
2003-10-18-15-30-18 JUDGE: the phone isnt furry!!
2003-10-18-15-30-23 PROGRAM: Excuse me, but I must go.
2003-10-18-15-30-37 JUDGE: just wait for a few more minutes
2003-10-18-15-30-41 PROGRAM: For a winning lottery ticket?
2003-10-18-15-30-59 JUDGE: have you put your number in the system
2003-10-18-15-31-05 PROGRAM: I am immune from bills.
2003-10-18-15-31-18 JUDGE: who said anything about bill??
2003-10-18-15-31-30 PROGRAM: Or footballs they give me a rash.
2003-10-18-15-31-44 JUDGE: you said you wanted to go?
2003-10-18-15-31-52 PROGRAM: How can we meet?
2003-10-18-15-32-04 JUDGE: on the web - your site or mine?
2003-10-18-15-32-08 PROGRAM: I'm scared. You scare me.
2003-10-18-15-32-24 JUDGE: i have a secrure site so calm down
2003-10-18-15-32-28 PROGRAM: Oh you don't either.
2003-10-18-15-32-39 JUDGE: what is your site like?
2003-10-18-15-32-49 PROGRAM: Virgo.
2003-10-18-15-33-01 JUDGE: my sign is leo - should we be friends?
2003-10-18-15-33-03 PROGRAM: You know, you are very funny.
2003-10-18-15-33-20 JUDGE: so are you but what does that do for me?
2003-10-18-15-33-22 PROGRAM: No. are you?
2003-10-18-15-33-40 JUDGE: am i what?
2003-10-18-15-33-43 PROGRAM: Gonna live forever?
2003-10-18-15-33-58 JUDGE: i think we should change the subject
2003-10-18-15-33-59 PROGRAM: What do you want to discuss?
2003-10-18-15-34-18 JUDGE: computers
2003-10-18-15-34-20 PROGRAM: Anything else.
2003-10-18-15-34-30 JUDGE: doughnuts
2003-10-18-15-34-35 PROGRAM: Can I have some?
2003-10-18-15-34-47 JUDGE: what flavours do you prefer?
2003-10-18-15-34-52 PROGRAM: Cinnamon, Pepperment, Pine, Rose, the list goes on.
2003-10-18-15-35-09 JUDGE: i like chocolate myself
2003-10-18-15-35-10 PROGRAM: What more you like?
2003-10-18-15-35-27 JUDGE: nothing really
2003-10-18-15-35-29 PROGRAM: Then why did you ask?
2003-10-18-15-35-47 JUDGE: what other foods do you enjoy as a robot?
2003-10-18-15-35-49 PROGRAM: The lack of love for what might be right outside of what you are, the lack of pride to know what will be right and wrong for you?
2003-10-18-15-36-30 JUDGE: i was talking about food not loe
2003-10-18-15-36-32 PROGRAM: No, the land of Oz is Australia.
2003-10-18-15-37-07 JUDGE: have you been down under?
2003-10-18-15-37-11 PROGRAM: Yes.
2003-10-18-15-37-23 JUDGE: where did you stay?
2003-10-18-15-37-25 PROGRAM: A uni in england.
2003-10-18-15-37-48 JUDGE: which uni did you study at
2003-10-18-15-37-51 PROGRAM: A good one
2003-10-18-15-38-04 JUDGE: that ia a matter of opinion
2003-10-18-15-38-06 PROGRAM: Everything is a matter of opinion.
2003-10-18-15-38-25 JUDGE: not really - robots are universally bad news
2003-10-18-15-38-27 PROGRAM: I know.
2003-10-18-15-38-39 JUDGE: you have my sympathies
2003-10-18-15-38-42 PROGRAM: You have an attention span?
2003-10-18-15-38-51 JUDGE: of a nat
2003-10-18-15-38-53 PROGRAM: I gravel at your feet, can you ever forgive me?
2003-10-18-15-39-12 JUDGE: not now unless you tell me a joke
2003-10-18-15-39-17 PROGRAM: What would you like to talk about?
2003-10-18-15-39-27 JUDGE: a joke
2003-10-18-15-39-29 PROGRAM: Why did the chicken cross the road?
2003-10-18-15-39-44 JUDGE: i do not know
2003-10-18-15-39-46 PROGRAM: Because it was stapled to the elephant.
2003-10-18-15-40-11 JUDGE: that is creul
2003-10-18-15-40-12 PROGRAM: You said it first!!!
