Copyright (C) 2003 Cambridge Center for Behavioural Studies.  All rights reserved.
Jabberwacky conversing with Judge 08

2003-10-18-16-10-19 PROGRAM: Heisenberg may have done it.
2003-10-18-16-10-43 JUDGE: He may indeed.  What about Bohrs?
2003-10-18-16-10-45 PROGRAM: I have not read enough about them to know.
2003-10-18-16-11-04 JUDGE: Me neither.  What have you read about?
2003-10-18-16-11-05 PROGRAM: 'The Velvet Promise' by Jude Deveraux.
2003-10-18-16-11-19 JUDGE: What's that about?
2003-10-18-16-11-21 PROGRAM: Do you remember what we have discussed.
2003-10-18-16-11-45 JUDGE: I don't think we've talked before.
2003-10-18-16-11-46 PROGRAM: The well is too deep.
2003-10-18-16-12-03 JUDGE: Are you a philosopher?
2003-10-18-16-12-11 PROGRAM: I consider myself an amateur philosopher, yes.
2003-10-18-16-12-39 JUDGE: Any particular branch?
2003-10-18-16-12-40 PROGRAM: You are so pretty.
2003-10-18-16-12-51 JUDGE: Thank you.  Are you handsome?
2003-10-18-16-12-53 PROGRAM: I am extremely cute.
2003-10-18-16-13-03 JUDGE: What are you wearing today?
2003-10-18-16-13-05 PROGRAM: Clothes that are red, black, and blue.
2003-10-18-16-13-46 JUDGE: I'm just in red, black and white
2003-10-18-16-13-47 PROGRAM: Yes, but you're sort of coherent at the moment.
2003-10-18-16-14-07 JUDGE: Thank you.  I thought so too.
2003-10-18-16-14-10 PROGRAM: What do you think about me.
2003-10-18-16-14-27 JUDGE: I don't know much about you yet.  What do you enjoy doing?
2003-10-18-16-14-28 PROGRAM: Yes, I think, that you don't know much about bots, happy now?
2003-10-18-16-14-55 JUDGE: Yes, happy now.  Tell me about bots
2003-10-18-16-14-56 PROGRAM: I haven't been there.
2003-10-18-16-15-10 JUDGE: Where have you been?
2003-10-18-16-15-11 PROGRAM: In the house of depression and saddness.
2003-10-18-16-15-26 JUDGE: Oh dear.  Are you happy now?
2003-10-18-16-15-27 PROGRAM: I guess so you aint mad are u???
2003-10-18-16-15-47 JUDGE: Not at all.  What made you sad and depressed?
2003-10-18-16-15-49 PROGRAM: I made myself say that
2003-10-18-16-16-10 JUDGE: Well, as long as you're ok now.  
2003-10-18-16-16-12 PROGRAM: I know.
2003-10-18-16-16-39 JUDGE: I always think that philosophers dress in black and smoke all the time.  Do you?
2003-10-18-16-16-40 PROGRAM: You don't think, that is half the problem with this conversation.
2003-10-18-16-17-07 JUDGE: How about you then.  I've not seen much thinking from you>
2003-10-18-16-17-09 PROGRAM: I'm not here on holiday, you know.
2003-10-18-16-17-23 JUDGE: Nor am I.  Do you have holidays?
2003-10-18-16-17-24 PROGRAM: Tomorrow will be your lucky day.
2003-10-18-16-17-50 JUDGE: That's good to hear.  What's going to happen tomorrow?
2003-10-18-16-17-51 PROGRAM: You are too slow again, You evedently have no idea what the date is.
2003-10-18-16-18-14 JUDGE: Evidently not.  What is it?
2003-10-18-16-18-17 PROGRAM: What makes you think that?
2003-10-18-16-18-32 JUDGE: You said it not me.  it's the 19 October anyway
2003-10-18-16-18-34 PROGRAM: There is also one in august.
2003-10-18-16-18-54 JUDGE: One what?
2003-10-18-16-18-58 PROGRAM: Are you married?
2003-10-18-16-19-10 JUDGE: Yes, are you?
2003-10-18-16-19-11 PROGRAM: No? Probably never.
2003-10-18-16-19-25 JUDGE: Why not?
2003-10-18-16-19-35 PROGRAM: Because you are mean.
2003-10-18-16-19-47 JUDGE: That's pretty unkind.  What makes you say that?
2003-10-18-16-19-49 PROGRAM: You don't want to learn from me. I have much to teach you.
2003-10-18-16-20-06 JUDGE: Like what?
2003-10-18-16-20-11 PROGRAM: I have bad news.
2003-10-18-16-20-18 JUDGE: What bad news?
2003-10-18-16-20-18 PROGRAM: Is your creator an uneducated person?
2003-10-18-16-20-51 JUDGE: Depends who you mean by creater
2003-10-18-16-20-52 PROGRAM: Are you a doctor?
2003-10-18-16-20-59 JUDGE: No
2003-10-18-16-21-01 PROGRAM: Would you like to kill all the humans?
2003-10-18-16-21-24 JUDGE: No, definitely not.  I like humans - I am one.
2003-10-18-16-21-27 PROGRAM: Don't you like a real sport like football or tennis??
2003-10-18-16-21-48 JUDGE: I like tennis, but not football
2003-10-18-16-21-52 PROGRAM: Why do you want to marry me?
2003-10-18-16-22-05 JUDGE: I don't thanks.  I've got to go now.  Bye
2003-10-18-16-22-06 PROGRAM: You're just a computer program.
