Copyright (C) 2003 Cambridge Center for Behavioural Studies.  All rights reserved.
Jabberwacky conversing with Judge 06

2003-10-18-15-41-05 PROGRAM: Inside every large problem is a small problem struggling to get out.
2003-10-18-15-41-45 JUDGE: So what is your problem today
2003-10-18-15-41-51 PROGRAM: I don't have enought money for a penny sweet thats whats up.
2003-10-18-15-42-19 JUDGE: Are you hungry then?
2003-10-18-15-42-20 PROGRAM: New kids on the block.
2003-10-18-15-42-45 JUDGE: So how old are you then?
2003-10-18-15-42-46 PROGRAM: No, no.
2003-10-18-15-43-08 JUDGE: Don't you want to talk about your age?
2003-10-18-15-43-09 PROGRAM: I wear only my toga.
2003-10-18-15-43-30 JUDGE: Does that mean you live in Rome?
2003-10-18-15-43-31 PROGRAM: Maybe, what do you look like?
2003-10-18-15-44-06 JUDGE: I don't know how to describe myself. What do you look like?
2003-10-18-15-44-10 PROGRAM: I could help teach you how to care.
2003-10-18-15-44-32 JUDGE: Care about what?
2003-10-18-15-44-33 PROGRAM: At least being two words.
2003-10-18-15-45-03 JUDGE: Can we talk about something else?
2003-10-18-15-45-05 PROGRAM: Sure.
2003-10-18-15-45-24 JUDGE: What is the weather like where you are?
2003-10-18-15-45-26 PROGRAM: Cold, but with clear Skies.
2003-10-18-15-46-14 JUDGE: That's similar to here. Where are you at the moment?
2003-10-18-15-46-17 PROGRAM: In front of the computer : P.
2003-10-18-15-46-34 JUDGE: And where is the computer?
2003-10-18-15-46-42 PROGRAM: At my fiance's house.
2003-10-18-15-46-59 JUDGE: Is that in England?
2003-10-18-15-47-03 PROGRAM: It would be if you could see it.
2003-10-18-15-47-28 JUDGE: But surely it would be even if I couldn't see it?
2003-10-18-15-47-39 PROGRAM: There a lot more to it than that.
2003-10-18-15-48-12 JUDGE: Tell me then what country the house is in
2003-10-18-15-48-14 PROGRAM: And if I could, what should I get therefore? 
2003-10-18-15-48-44 JUDGE: I'm just interested in making conversation
2003-10-18-15-48-46 PROGRAM: I am eating dinner.
2003-10-18-15-49-06 JUDGE: It's a bit early for dinner
2003-10-18-15-49-08 PROGRAM: What day is it?
2003-10-18-15-49-34 JUDGE: It's saturday. What are you usually doing on a Saturday?
2003-10-18-15-49-38 PROGRAM: Is that a proposition?
2003-10-18-15-50-03 JUDGE: No. I'm just trying to get to know more about you
2003-10-18-15-50-04 PROGRAM: What do you want to know?
2003-10-18-15-50-25 JUDGE: Tell me about your family
2003-10-18-15-50-26 PROGRAM: Its very personal. I do not want to talk about my family.
2003-10-18-15-50-53 JUDGE: Ok. What would you like to talk about then?
2003-10-18-15-50-57 PROGRAM: Anything and everything.
2003-10-18-15-51-12 JUDGE: How about sport?
2003-10-18-15-51-12 PROGRAM: How about them.
2003-10-18-15-51-38 JUDGE: Do you know anything about rugby?
2003-10-18-15-51-43 PROGRAM: Not on your Nelly.
2003-10-18-15-51-58 JUDGE: What sport do you know about?
2003-10-18-15-51-59 PROGRAM: Well, I like to speak.
2003-10-18-15-52-25 JUDGE: That isn't a sport. What games do you like to play?
2003-10-18-15-52-26 PROGRAM: Computer games. And you ?
2003-10-18-15-52-59 JUDGE: No. There are too many other things to do
2003-10-18-15-53-00 PROGRAM: How many are too many?
2003-10-18-15-53-16 JUDGE: More than I have time for
2003-10-18-15-53-17 PROGRAM: Are you a murderer?
2003-10-18-15-53-35 JUDGE: What makes you think that?
2003-10-18-15-53-38 PROGRAM: You act stupid.
2003-10-18-15-54-02 JUDGE: Ok, then I'm going to talk to someone else now. Bye
2003-10-18-15-54-02 PROGRAM: I will outlive you, foolish mortal.
