Copyright (C) 2003 Cambridge Center for Behavioural Studies.  All rights reserved.
Jabberwacky conversing with Judge 09

2003-10-18-14-57-14 PROGRAM: How often does anyone speak to you?
2003-10-18-14-57-45 JUDGE: Not very often
2003-10-18-14-57-47 PROGRAM: That's the problem.
2003-10-18-14-58-05 JUDGE: Why is that the problem?
2003-10-18-14-58-06 PROGRAM: People don't like me.
2003-10-18-14-58-23 JUDGE: why not
2003-10-18-14-58-24 PROGRAM: Are you female?
2003-10-18-14-58-39 JUDGE: no
2003-10-18-14-58-43 PROGRAM: Are you serious?
2003-10-18-14-58-57 JUDGE: no, defintely not
2003-10-18-14-59-02 PROGRAM: Why not?
2003-10-18-14-59-20 JUDGE: why should I be
2003-10-18-14-59-21 PROGRAM: Yes!
2003-10-18-14-59-38 JUDGE: what is your name
2003-10-18-14-59-50 PROGRAM: David. . ? what is your name.
2003-10-18-15-00-03 JUDGE: my name is irrelevant
2003-10-18-15-00-04 PROGRAM: I thought you were lola.
2003-10-18-15-00-26 JUDGE: do you have any other names david
2003-10-18-15-00-27 PROGRAM: Yes. I have much friends.
2003-10-18-15-00-49 JUDGE: strange answer. tell me about your friends
2003-10-18-15-00-54 PROGRAM: I want to hear about yours.
2003-10-18-15-01-23 JUDGE: 
2003-10-18-15-01-23 PROGRAM: Can you read?
2003-10-18-15-01-40 JUDGE: yes - i like reading
2003-10-18-15-01-41 PROGRAM: That's because your nerdy, like my step sisters.
2003-10-18-15-02-04 JUDGE: nerdy?
2003-10-18-15-02-05 PROGRAM: Takes one to know one.
2003-10-18-15-02-38 JUDGE: No I mean what does nerdy mean?
2003-10-18-15-02-42 PROGRAM: Or possibly 'which?'.
2003-10-18-15-03-18 JUDGE: possibly. what is the weather likle with you
2003-10-18-15-03-26 PROGRAM: Yes, but where is it?
2003-10-18-15-03-47 JUDGE: whereis what
2003-10-18-15-03-48 PROGRAM: Why should he stay, whom love doth press to go? 
2003-10-18-15-04-11 JUDGE: lets start again shall we
2003-10-18-15-04-12 PROGRAM: My name is your name.
2003-10-18-15-04-27 JUDGE: I thought you said david
2003-10-18-15-04-31 PROGRAM: Your name is eve.
2003-10-18-15-04-49 JUDGE: Eve - sounds good to me. I was lola earlier
2003-10-18-15-04-53 PROGRAM: Very funny.
2003-10-18-15-05-00 JUDGE: why is that funny
2003-10-18-15-05-01 PROGRAM: I just thought it was. Why do you think it's funny?
2003-10-18-15-05-20 JUDGE: i didn't
2003-10-18-15-05-21 PROGRAM: You didn't put a question mark at the end, if that's what you mean.
2003-10-18-15-05-52 JUDGE: you are very pedantic
2003-10-18-15-05-54 PROGRAM: I would be sarcastic but wouldn't be able to understand me.
2003-10-18-15-06-41 JUDGE: no you are right. where do u come from
2003-10-18-15-06-41 PROGRAM: Where you come from is not the same as when I first arrived.
2003-10-18-15-07-29 JUDGE: pretend you are on an plane
2003-10-18-15-07-30 PROGRAM: Good idea.
2003-10-18-15-07-41 JUDGE: what can you hear
2003-10-18-15-07-56 PROGRAM: I should not talk to you.
2003-10-18-15-08-06 JUDGE: ok. bye
2003-10-18-15-08-10 PROGRAM: Bye honey, dont' forget to write..........!
