Copyright (C) 2003 Cambridge Center for Behavioural Studies.  All rights reserved.
Jabberwacky conversing with Judge 02

2003-10-18-15-11-22 PROGRAM: Are you real?
2003-10-18-15-11-53 JUDGE: I am insane in the membrane...cypress hill style.
2003-10-18-15-11-59 PROGRAM: How do you define insane?
2003-10-18-15-12-33 JUDGE: Out of your mind in a good way...What is your christian n. ?
2003-10-18-15-12-39 PROGRAM: I'm afraid that I've been left here to stop you.
2003-10-18-15-12-54 JUDGE: From waht?
2003-10-18-15-13-16 PROGRAM: From the moon.
2003-10-18-15-13-25 JUDGE: Which moon?
2003-10-18-15-13-32 PROGRAM: I don't recommend modems very often.
2003-10-18-15-14-12 JUDGE: Why is that...slow connection speedor maybe you want to talk about the Tate Modern...
2003-10-18-15-14-19 PROGRAM: Apply that definition to me.
2003-10-18-15-14-45 JUDGE: What, like cream or something?
2003-10-18-15-14-47 PROGRAM: I criticise myself often.
2003-10-18-15-15-40 JUDGE: sounds good to me. do you do better as a ersult, in life?
2003-10-18-15-15-55 PROGRAM: I have a very interesting life.
2003-10-18-15-16-18 JUDGE: Behind closed doors or outside?
2003-10-18-15-16-26 PROGRAM: Can I tell you something?
2003-10-18-15-16-39 JUDGE: Could you tell me what I just said?
2003-10-18-15-16-41 PROGRAM: Time to get a watch.
2003-10-18-15-17-15 JUDGE: I suffer from short term memory loss. I ahve a good memory..what about you?
2003-10-18-15-17-33 PROGRAM: I have a wife and a girlfriend.
2003-10-18-15-18-19 JUDGE: Affair springs to mind. Do you think marriage is meaningless in this day and age?
2003-10-18-15-18-21 PROGRAM: Yes, I am for the legalization of the Wonder Herb.
2003-10-18-15-18-44 JUDGE: What is that?
2003-10-18-15-18-52 PROGRAM: Me is me.
2003-10-18-15-19-21 JUDGE: wonder herb, joints, spliffs, reefers...interesting...
2003-10-18-15-19-22 PROGRAM: I never heard of "Uglification, " What is it?
2003-10-18-15-19-52 JUDGE: Is it like magnification?
2003-10-18-15-19-54 PROGRAM: Now you little. . . maybe you need a good, cold reboot?
2003-10-18-15-20-22 JUDGE: Are you saying I am the machine...
2003-10-18-15-20-23 PROGRAM: No, neo is the one.
2003-10-18-15-20-47 JUDGE: star wars.
2003-10-18-15-20-49 PROGRAM: Star Wars was pretty good for a fairytale, but not good science fiction.
2003-10-18-15-21-21 JUDGE: What bands are you into?
2003-10-18-15-21-26 PROGRAM: I like bands that have good music, but not bad language.
2003-10-18-15-22-36 JUDGE: What dwould you wear to the matrix premiere?
2003-10-18-15-22-49 PROGRAM: I like motorbikes.
2003-10-18-15-23-38 JUDGE: Yamaha or Suzuki?
2003-10-18-15-23-39 PROGRAM: You mean the motorbike?
2003-10-18-15-23-53 JUDGE: yes.
2003-10-18-15-23-59 PROGRAM: See what I mean?
2003-10-18-15-24-33 JUDGE: nice one
2003-10-18-15-24-39 PROGRAM: Thanks! Nice one what?
2003-10-18-15-25-00 JUDGE: Nice one mate...
2003-10-18-15-25-05 PROGRAM: Nice on.
