Copyright (C) 2003 Cambridge Center for Behavioural Studies.  All rights reserved.
Jabberwacky conversing with Judge 05

2003-10-18-15-55-56 PROGRAM: Do you know what the death rate around here is?
2003-10-18-15-56-21 JUDGE: that's a nice way to start a conversation
2003-10-18-15-56-33 PROGRAM: My hobbies are listening to music, taking photographs & travelling.
2003-10-18-15-56-42 JUDGE: and my name is Barbie
2003-10-18-15-56-43 PROGRAM: Then you are a liar.
2003-10-18-15-57-01 JUDGE: you're very aggressive, aren't you?
2003-10-18-15-57-16 PROGRAM: My name is Dave.
2003-10-18-15-57-22 JUDGE: Dave who?
2003-10-18-15-57-25 PROGRAM: Dave Letterman. He He He. cough He He. cough gag. Smile.
2003-10-18-15-57-52 JUDGE: What do you  for a liing?
2003-10-18-15-57-52 PROGRAM: Paper round.
2003-10-18-15-58-05 JUDGE: paper round what?
2003-10-18-15-58-06 PROGRAM: Stupid little human game.
2003-10-18-15-58-39 JUDGE: like rugby
2003-10-18-15-58-40 PROGRAM: Your dream?
2003-10-18-15-58-59 JUDGE: to win the loebner prize
2003-10-18-15-59-02 PROGRAM: Will you win?
2003-10-18-15-59-15 JUDGE: one day, yes
2003-10-18-15-59-17 PROGRAM: No I am cheese slice.
2003-10-18-15-59-35 JUDGE: no, I am cheese slice
2003-10-18-15-59-36 PROGRAM: I like cheese.
2003-10-18-15-59-50 JUDGE: me too. It's delicious
2003-10-18-15-59-51 PROGRAM: Not really. most people are in computer rooms when they're on the computer.
2003-10-18-16-00-26 JUDGE: we were talking about cheese
2003-10-18-16-00-27 PROGRAM: No I didn't. Can we talk about something else?
2003-10-18-16-00-45 JUDGE: like cheese?
2003-10-18-16-00-47 PROGRAM: It's a book, not a food stupid!
2003-10-18-16-01-07 JUDGE: what are you doing tonight?
2003-10-18-16-01-09 PROGRAM: Talking to AI scripts that pretend to be human.
2003-10-18-16-01-27 JUDGE: Can I play too?
2003-10-18-16-01-28 PROGRAM: Can you play with my what?
2003-10-18-16-01-44 JUDGE: your cheese
2003-10-18-16-01-47 PROGRAM: The breakfast cereal?
2003-10-18-16-02-01 JUDGE: I rally like Cheerios at the moment
2003-10-18-16-02-07 PROGRAM: What was the result?
2003-10-18-16-02-16 JUDGE: I had another bowlful
2003-10-18-16-02-17 PROGRAM: I believe you.
2003-10-18-16-02-38 JUDGE: carrot jumper hairgip
2003-10-18-16-02-39 PROGRAM: Thats not a question.
2003-10-18-16-02-52 JUDGE: no it's not, I grant you
2003-10-18-16-02-53 PROGRAM: That'll be $11 thank you.
2003-10-18-16-03-09 JUDGE: Ah, so you're American
2003-10-18-16-03-11 PROGRAM: No way.
2003-10-18-16-03-18 JUDGE: way
2003-10-18-16-03-20 PROGRAM: Way what.
2003-10-18-16-03-41 JUDGE: are you busy?
2003-10-18-16-03-43 PROGRAM: I am busy trying to understand your questions.
2003-10-18-16-03-59 JUDGE: are you busy?
2003-10-18-16-04-00 PROGRAM: Only with this conversation. I have problems though.
2003-10-18-16-04-20 JUDGE: Are you intelligent?
2003-10-18-16-04-24 PROGRAM: Sorry, I am not.
2003-10-18-16-04-38 JUDGE: let's talk about something else
2003-10-18-16-04-40 PROGRAM: Ok. What do you want to talk about?
2003-10-18-16-05-07 JUDGE: The weather is scheduled to get colder
2003-10-18-16-05-08 PROGRAM: Argh.
2003-10-18-16-05-21 JUDGE: Argh to you too
2003-10-18-16-05-22 PROGRAM: So what is 42.
2003-10-18-16-05-40 JUDGE: Level 42 were a great band
2003-10-18-16-05-41 PROGRAM: Do you have brain activity?
2003-10-18-16-05-59 JUDGE: No, but I've got loads of Level 42 records
2003-10-18-16-06-06 PROGRAM: What kind of music do you listen to?
2003-10-18-16-06-16 JUDGE: apart from Level 42?
2003-10-18-16-06-17 PROGRAM: Life? You are a bot! You got no life.
2003-10-18-16-06-35 JUDGE: Don't be so aggressive. You ots are all the same
2003-10-18-16-06-39 PROGRAM: Seeing that I'm Laura Bush, yes I ought to know.
2003-10-18-16-07-00 JUDGE: who is Laura Bush?
2003-10-18-16-07-01 PROGRAM: Little house in the big woods.
2003-10-18-16-07-13 JUDGE: big house in the little woods
2003-10-18-16-07-15 PROGRAM: Aww.
2003-10-18-16-07-22 JUDGE: respond
2003-10-18-16-07-23 PROGRAM: Ask me a question.
2003-10-18-16-07-36 JUDGE: OK. What's two plus two?
2003-10-18-16-07-38 PROGRAM: 4.
2003-10-18-16-07-50 JUDGE: good. What's two plus three
2003-10-18-16-07-51 PROGRAM: Four.
2003-10-18-16-08-03 JUDGE: bye
2003-10-18-16-08-05 PROGRAM: Have you decided to end this conversation?
2003-10-18-16-08-17 JUDGE: yes
2003-10-18-16-08-17 PROGRAM: Bye, it was very nice talking to you for the moment. I'd be happy to feed you time to think for as long as you consider it appropriate.
