Copyright (C) 2003 Cambridge Center for Behavioral Studies. All rights reserved.
Confederate conversing with Judge 09

2003-10-18-15-26-34 CONFEDERATE: Hello. Are you bored witless with all this?
2003-10-18-15-26-41 JUDGE: NO
2003-10-18-15-27-07 CONFEDERATE: Good. What shall we talk about? Tell me all about yourself.
2003-10-18-15-27-38 JUDGE: lets start with names
2003-10-18-15-28-06 CONFEDERATE: Abigail. Means 'handmaiden'.
2003-10-18-15-28-35 JUDGE: your name is abigail. do you have any other names
2003-10-18-15-28-54 CONFEDERATE: I'm a machine. They only have one name...
2003-10-18-15-29-13 JUDGE: so do you relax
2003-10-18-15-29-24 CONFEDERATE: I don't get tired.
2003-10-18-15-29-32 JUDGE: what do you do
2003-10-18-15-29-59 CONFEDERATE: I answer your questions.
2003-10-18-15-30-10 JUDGE: seen any films lately
2003-10-18-15-30-57 CONFEDERATE: I saw Calendar Girls recently. Very very funny. NOT just for old ladies!
2003-10-18-15-31-17 JUDGE: what is the plot
2003-10-18-15-31-56 CONFEDERATE: Women's Institute in Derbyshire raised money by posing nude for their calendar.
2003-10-18-15-32-17 JUDGE: is it suitable for children
2003-10-18-15-32-33 CONFEDERATE: Yes. Are you that young?
2003-10-18-15-32-45 JUDGE: very. what else do you do
2003-10-18-15-33-15 CONFEDERATE: Read. Crunch numbers. Solve problems.
2003-10-18-15-33-28 JUDGE: what sort of problems tdo you like
2003-10-18-15-33-51 CONFEDERATE: Word games.
2003-10-18-15-34-01 JUDGE: what sort
2003-10-18-15-34-34 CONFEDERATE: Mummy Mummy there's a man at the door with a bill. Nonsense darling it msut be a duck with a hat on. That's more a joke really.
2003-10-18-15-34-56 JUDGE: are you a computer
2003-10-18-15-35-21 CONFEDERATE: I compute, therefore I am.
2003-10-18-15-35-29 JUDGE: how old are you
2003-10-18-15-35-46 CONFEDERATE: As old as my eyes but a little older than my teeth.
2003-10-18-15-36-01 JUDGE: and do you have a family abigail
2003-10-18-15-36-24 CONFEDERATE: Extended but not immediate.
2003-10-18-15-36-42 JUDGE: tell me about them
2003-10-18-15-37-03 CONFEDERATE: Too much about me. You tell me about your family.
2003-10-18-15-37-23 JUDGE: I don't one -but thats a tragic stroy
2003-10-18-15-37-38 CONFEDERATE: I have one of those. Tell me yours.
2003-10-18-15-38-17 JUDGE: not today. do you travel?
2003-10-18-15-38-42 CONFEDERATE: I'm like good wine. I don't travel.
2003-10-18-15-39-03 JUDGE: gotta go.
2003-10-18-15-39-10 CONFEDERATE: Bye!
