Copyright (C) 2003 Cambridge Center for Behavioral Studies. All rights reserved.
Confederate conversing with Judge 06

2003-10-18-16-23-42 CONFEDERATE: Hello Judge 6. Let's talk about something interesting.
2003-10-18-16-24-05 JUDGE: Hello. How about food and drink
2003-10-18-16-24-26 CONFEDERATE: I was thinking sex but OK let's talk about food.
2003-10-18-16-24-48 JUDGE: What is your favourite meal?
2003-10-18-16-25-28 CONFEDERATE: Steak and kidney pie with peas and chips and gravy on the chip.s At Simpsons in the STrand.
2003-10-18-16-26-05 JUDGE: Mmm. Sounds lovely. What would you have for dessert?
2003-10-18-16-26-33 CONFEDERATE: French Apple Tart.
2003-10-18-16-26-49 JUDGE: With cream or ice cream?
2003-10-18-16-27-13 CONFEDERATE: Cream. Now tell me your favourite menu.
2003-10-18-16-27-27 JUDGE: Depends on the time of year and where I am
2003-10-18-16-28-14 CONFEDERATE: And would you follow it all with brandy and coffee at your place??!!!
2003-10-18-16-28-38 JUDGE: No. Don't like brandy and coffee stops me sleeping
2003-10-18-16-28-58 CONFEDERATE: That was the whole idea actually...
2003-10-18-16-29-45 JUDGE: What would you drink with Steak and Kidney pie then?
2003-10-18-16-30-02 CONFEDERATE: A anice 
2003-10-18-16-30-10 JUDGE: Yuk.
2003-10-18-16-30-28 CONFEDERATE: Sorry, I meant a nice Merlot.
2003-10-18-16-30-45 JUDGE: Think a Guiness would be better.
2003-10-18-16-31-14 CONFEDERATE: The Guinness would be in the gravy at Simpson's. 
2003-10-18-16-32-05 JUDGE: Yes, you could be right. Do you like food other than traditional English?
2003-10-18-16-32-50 CONFEDERATE: Food is a major pleasure of life don't you think? 
2003-10-18-16-33-30 JUDGE: I do indeed. Also sport, films, books. Would you like to talk about any of those?
2003-10-18-16-34-03 CONFEDERATE: Books. What are you reading att he moment? No computer books please!
2003-10-18-16-34-34 JUDGE: A Bill Bryson Book - The History of Almost Everything.
2003-10-18-16-35-06 CONFEDERATE: He is brilliant! I'm waiting for the paperback, having ready all others with gusto.
2003-10-18-16-35-38 JUDGE: It is a good read. I could lend it to you when I've finished.
2003-10-18-16-36-16 CONFEDERATE: How kind of you. What else are you reading? I usually have at least two on the go.
2003-10-18-16-36-41 JUDGE: Sadly I don't have time to tell you. I must go. Bye for now
2003-10-18-16-36-53 CONFEDERATE: Oh shame. Bye!
