Copyright (C) 2003 Cambridge Center for Behavioral Studies. All rights reserved.
Confederate conversing with Judge 01

2003-10-18-16-09-38 CONFEDERATE: Hello. How you doin'?
2003-10-18-16-09-59 JUDGE: I'm fine. You?
2003-10-18-16-10-19 CONFEDERATE: OK. Are you from California?
2003-10-18-16-10-39 JUDGE: What makes you think that? Are you?
2003-10-18-16-11-14 CONFEDERATE: I'm not. I just wanted to pick a fight with someone who was daft enough to vote for Arnie!
2003-10-18-16-11-36 JUDGE: Well not me. Where are you from then?
2003-10-18-16-13-08 CONFEDERATE: Tell you what. We';ve had this where you from business all pm. Ask me another Q or tell me how olf you were when you lost your innocence.
2003-10-18-16-13-39 JUDGE: Are you angry?
2003-10-18-16-13-52 CONFEDERATE: Not at all. PC crashed.
2003-10-18-16-14-10 JUDGE: Did it hurt?
2003-10-18-16-14-49 CONFEDERATE: Gordon Brown and his wife just had a new son. Have yo a message for them?
2003-10-18-16-15-23 JUDGE: Congratulations. I saw that. Do YOU know the rugby score today?
2003-10-18-16-15-46 CONFEDERATE: I just know England lost.
2003-10-18-16-16-25 JUDGE: I meant the Wales result. Do you know that?
2003-10-18-16-16-53 CONFEDERATE: Wales were smashed. Are you Welsh?
2003-10-18-16-17-18 JUDGE: No thank goodness. But I like leeks. Do you?
2003-10-18-16-17-46 CONFEDERATE: What's wrong with the Welsh? Yes I like leeks.
2003-10-18-16-18-42 JUDGE: I can't stand the colour of their shirts - and now I see I am wearing it! Aaagh! Where were you born?
2003-10-18-16-19-11 CONFEDERATE: [3~
2003-10-18-16-19-31 JUDGE: That's clever. Was it painful?
2003-10-18-16-19-36 CONFEDERATE: +Wales. Sorry.
2003-10-18-16-19-54 JUDGE: Which part? I love the Brecons.
2003-10-18-16-19-59 CONFEDERATE: I can do much cleverer things than that.  Baby....
2003-10-18-16-20-28 JUDGE: That could be good. What's your name?
2003-10-18-16-20-45 CONFEDERATE: The Valleys. Miners, collieries. AberfanAbigail. Means Handmaiden.
2003-10-18-16-21-33 JUDGE: Well I learn something every day. Thank you. Must go now so bye!
2003-10-18-16-21-45 CONFEDERATE: Bye to you.
