Copyright (C) 2003 Cambridge Center for Behavioral Studies. All rights reserved.
Confederate conversing with Judge 07

2003-10-18-14-11-37 CONFEDERATE: hello
2003-10-18-14-11-51 JUDGE: hi where do you come from?
2003-10-18-14-11-59 CONFEDERATE: around here
2003-10-18-14-12-09 JUDGE: what do you mean by that?
2003-10-18-14-12-25 CONFEDERATE: I mean I live nearby
2003-10-18-14-12-40 JUDGE: how long have you lived here for?
2003-10-18-14-13-09 CONFEDERATE: Since 1978
2003-10-18-14-13-25 JUDGE: does that mean you are 35 years old?
2003-10-18-14-13-41 CONFEDERATE: No, much oloder than that
2003-10-18-14-13-53 JUDGE: where were you born?
2003-10-18-14-14-01 CONFEDERATE: In Wales
2003-10-18-14-14-15 JUDGE: why did you come to live near here?
2003-10-18-14-14-52 CONFEDERATE: My parents moved to the south coast
2003-10-18-14-15-16 JUDGE: which part of the country would you prefer?
2003-10-18-14-15-33 CONFEDERATE: You tell me which part you like best

2003-10-18-14-19-21 CONFEDERATE: Which do you prefer - Brighton or Worthing?

2003-10-18-14-19-42 CONFEDERATE: Hello. Who are you?
2003-10-18-14-19-55 JUDGE: why should i answer that question?
2003-10-18-14-20-11 CONFEDERATE: Hello. Who are you?
2003-10-18-14-20-29 JUDGE: you are very pushy!!
2003-10-18-14-20-50 CONFEDERATE: Just assertive
2003-10-18-14-21-07 JUDGE: that makes sense - why are you assertive
2003-10-18-14-21-24 CONFEDERATE: To mask my insecurities
2003-10-18-14-21-43 JUDGE: what are your areas of personal confidence?
2003-10-18-14-22-18 CONFEDERATE: Words. 
2003-10-18-14-22-36 JUDGE: how did you acquire confidence in words?
2003-10-18-14-22-53 CONFEDERATE: Tell me your name first.
2003-10-18-14-23-01 JUDGE: roger
2003-10-18-14-23-22 CONFEDERATE: That's nice. Real masculine...
2003-10-18-14-24-07 JUDGE: good bye
2003-10-18-14-24-13 CONFEDERATE: Bye
