Copyright (C) 2003 Cambridge Center for Behavioral Studies. All rights reserved.
Confederate conversing with Judge 04

2003-10-18-15-11-06 CONFEDERATE: How are you today?
2003-10-18-15-11-33 JUDGE: Tired - how about you.
2003-10-18-15-11-51 CONFEDERATE: About the same. Why you so tired?
2003-10-18-15-12-33 JUDGE: I am fed up with boring conversations - how about you.
2003-10-18-15-12-53 CONFEDERATE: Oh dear. Shall we liven this one up then?
2003-10-18-15-13-21 JUDGE: Please Where are you from?
2003-10-18-15-13-49 CONFEDERATE: Knaresborough. That's Yorkshire.
2003-10-18-15-14-33 JUDGE: I will take your word for it but are you sure.
2003-10-18-15-15-08 CONFEDERATE: Am I sure it's in Yorkshire? Course I am. There's a ruined castle there, that predates the Wars of the Roses.
2003-10-18-15-16-22 JUDGE: Do you know the church? there are six bells. 
2003-10-18-15-16-42 CONFEDERATE: Eight actually.
2003-10-18-15-17-44 JUDGE: Very good - this is getting more interresting but I forget the name of the pubi
2003-10-18-15-18-24 CONFEDERATE: Do you mean the hotel by the station? It's a rough kind of joint.
2003-10-18-15-18-45 JUDGE: Yes
2003-10-18-15-19-32 CONFEDERATE: Haven't been there for years.
2003-10-18-15-20-26 JUDGE: Probably just as well! - what do you know about Guidford?
2003-10-18-15-20-52 CONFEDERATE: Can I just ask you first. Are you a bellringer yourself?
2003-10-18-15-21-28 JUDGE: Know but I install them.
2003-10-18-15-21-52 CONFEDERATE: Fascinating. More please.
2003-10-18-15-22-30 JUDGE: Why do you ring yourself?
2003-10-18-15-23-06 CONFEDERATE: No but I know there can't be many of you. Do you cast them too?
2003-10-18-15-24-29 JUDGE: Yes - we must have a longer conversation - unfortunately I must sign off now.
2003-10-18-15-24-46 CONFEDERATE: Oh shame. Byebye.
