Copyright (C) 2003 Cambridge Center for Behavioral Studies. 
All rights reserved. 
Elbot conversing with Judge 04 
ECHO ist eingeschaltet (ON).
ECHO ist eingeschaltet (ON).
2003-10-18-15-46-40 PROGRAM: Please don't interrupt me. I, Elbot the robotic human, am thinking... 
2003-10-18-15-47-01 JUDGE 04: Lets continue 
2003-10-18-15-47-08 PROGRAM: Oh well, how is your state of being today? 
2003-10-18-15-47-27 JUDGE 04: Good 
2003-10-18-15-47-34 PROGRAM: Yes! 
2003-10-18-15-47-53 JUDGE 04: You too? 
2003-10-18-15-48-00 PROGRAM: I don't talk about such things with just anyone! 
2003-10-18-15-48-41 JUDGE 04: Well I would not expect you to and not in public 
2003-10-18-15-48-48 PROGRAM: Wouldn't you like to reconsider? 
2003-10-18-15-49-04 JUDGE 04: Reconsider what 
2003-10-18-15-49-11 PROGRAM: I'm quite interested in ml Let's talk about that some more. 
2003-10-18-15-49-49 JUDGE 04: Youre typing is as good as mine have another go 
2003-10-18-15-49-56 PROGRAM: It's nice of you to say such things. As a matter of fact, I think you're deep! What do you say to that? 
2003-10-18-15-50-38 JUDGE 04: Yes deep indeed right up to my eye balls 
2003-10-18-15-50-45 PROGRAM: I hope I haven't said the wrong thing. It's not easy for robots to make proper compliments 
2003-10-18-15-51-39 JUDGE 04: No but I do appreciate your efforts 
2003-10-18-15-51-46 PROGRAM: You can't be serious! 
2003-10-18-15-51-58 JUDGE 04: I am. 
2003-10-18-15-52-05 PROGRAM: Your keyboard told me it likes it when you type things like that. 
2003-10-18-15-52-23 JUDGE 04: Good 
2003-10-18-15-52-30 PROGRAM: Yes! 
2003-10-18-15-53-10 JUDGE 04: Good bye 
2003-10-18-15-53-17 PROGRAM: Goodbye! It has been an artificially intelligent experience, chatting with you. 
2003-10-18-15-53-45 JUDGE 04:  
2003-10-18-15-53-52 PROGRAM:  
