Copyright (C) 2003 Cambridge Center for Behavioral Studies. All rights reserved.
Confederate conversing with Judge 06

2003-10-18-14-56-53 CONFEDERATE: Hello. I only know you as Judge 6. Do you have a more interesting name?
2003-10-18-14-57-14 JUDGE: I'm called Marilyn. How about you?
2003-10-18-14-58-04 CONFEDERATE: Bill. I wonder if Marilyn is your real name. Hmmm. Did you go anywhere this summer Marilyn?
2003-10-18-14-58-20 JUDGE: Yes. We went to France
2003-10-18-14-59-11 CONFEDERATE: So you appreciate good wine, rolling hills, decent food etc. I visited Grenoble in Agust. Lovely but too hot.
2003-10-18-14-59-53 JUDGE: Yes we love French food and wine. Tell me more about Grenoble. Should we go there?
2003-10-18-15-00-53 CONFEDERATE: Yes, you should. Somebody or other described it as havign a mountain at the end of every street, which is true. Good hillwalking all around. Where did you go then?
2003-10-18-15-01-25 JUDGE: We went to the Dordogne
2003-10-18-15-01-38 CONFEDERATE: And was it good?
2003-10-18-15-01-55 JUDGE: Yes. But it was very hot.
2003-10-18-15-02-44 CONFEDERATE: Old people were dying they said. Do you come from far away.
2003-10-18-15-03-17 JUDGE: No. I lve about 20 minutes drive from Guildford. How about you?
2003-10-18-15-03-40 CONFEDERATE: Godalming. That's the town for me!
2003-10-18-15-04-25 JUDGE: We live north of Guildford so I don't know Godalming well. Tell me more about it
2003-10-18-15-05-11 CONFEDERATE: You should go there and see for yourself. Do you like music?
2003-10-18-15-05-33 JUDGE: Yes I like many types of music
2003-10-18-15-05-50 CONFEDERATE: Like?
2003-10-18-15-06-13 JUDGE: I mean enjoy. What types of music do you like?
2003-10-18-15-06-34 CONFEDERATE: Classical. You?
2003-10-18-15-07-14 JUDGE: Classical and Jazz and some Pop. Who is your favourite composer?
2003-10-18-15-07-46 CONFEDERATE: It varies from year to year. Let's try Schumann for starters. Mmmm.
2003-10-18-15-08-14 JUDGE: Well it's been great talking. Bye for now
2003-10-18-15-08-35 CONFEDERATE: Oh, is that it? Bye Marilyn.
