Copyright (C) 2003 Cambridge Center for Behavioral Studies. All rights reserved.
Confederate conversing with Judge 09

2003-10-18-15-10-47 CONFEDERATE: Hello. Can I ask if you think I'm a computer yet?
2003-10-18-15-11-02 JUDGE: No
2003-10-18-15-11-42 CONFEDERATE: That's interesting, but I don't think you've really had time to decide yet.
2003-10-18-15-12-03 JUDGE: thats what i mean -you can't ask me
2003-10-18-15-12-27 CONFEDERATE: Are you a computer then?
2003-10-18-15-12-49 JUDGE: what is you name
2003-10-18-15-13-06 CONFEDERATE: Reg. And yours?
2003-10-18-15-13-17 JUDGE: mine is not important
2003-10-18-15-13-57 CONFEDERATE: Does that mean YOU are not important?
2003-10-18-15-14-20 JUDGE: what is reg short for?
2003-10-18-15-14-53 CONFEDERATE: All sorts of things: registration, regiment, Reginald etc.
2003-10-18-15-15-03 JUDGE: what is your name
2003-10-18-15-15-32 CONFEDERATE: I have a horrible feeling of deja vu (all over again).
2003-10-18-15-15-48 JUDGE: what is your name?
2003-10-18-15-16-16 CONFEDERATE: Please, please, please try another tack.
2003-10-18-15-16-24 JUDGE: what do you do
2003-10-18-15-16-47 CONFEDERATE: I just seem to sit here and type, type, type...
2003-10-18-15-17-03 JUDGE: how do you relax
2003-10-18-15-17-23 CONFEDERATE: mORE TYPING. aND YOU?
2003-10-18-15-17-49 JUDGE: go skiing
2003-10-18-15-18-23 CONFEDERATE: Oh good. The only time I tried that I felt sick and gave up.
2003-10-18-15-19-01 JUDGE: have you travelled
2003-10-18-15-19-21 CONFEDERATE: Yes. You?
2003-10-18-15-19-40 JUDGE: lots. what is your favourite place
2003-10-18-15-20-25 CONFEDERATE: Well, thereare many, but I was just thnking about Christchurch, NZ,
2003-10-18-15-20-47 JUDGE: wheres nz
2003-10-18-15-20-52 CONFEDERATE: where I went 3 years ago next month. Great place?
2003-10-18-15-21-13 JUDGE: yeah but where is it?
2003-10-18-15-21-53 CONFEDERATE: It's the pair of islands down undahh -- you know, the Southern hemisphereDo you want the lat. and long.
2003-10-18-15-22-19 JUDGE: no. but how do i get there from, say, bergen
2003-10-18-15-23-13 CONFEDERATE: You can take a very, very long ferry ride; you can swim (if you're a very good swimmer); or, if you're boring, why not take an aeroplane?
2003-10-18-15-23-26 JUDGE: bye
2003-10-18-15-23-49 CONFEDERATE: Alright...bog off then. See if I care. Tschuss!
