Copyright (C) 2003 Cambridge Center for Behavioral Studies. All rights reserved.
Confederate conversing with Judge 02

2003-10-18-14-26-20 CONFEDERATE: Hello there. What has four legs and an arm?
2003-10-18-14-26-54 JUDGE: I don't know. Maybe a minotaur with a vitamin B deficiancy.
2003-10-18-14-27-36 CONFEDERATE: That's not the punchline I was expecting. I suspect you know the real answer and you're just messing about. What's your name by the way?
2003-10-18-14-27-59 JUDGE: My name is Adam. Some call me DJ Longman.
2003-10-18-14-28-31 CONFEDERATE: That's nice. You can call me..er...James.
2003-10-18-14-28-59 JUDGE: What genre of music are you into?
2003-10-18-14-29-25 CONFEDERATE: Serious music. Does that sound terribly pretentious?
2003-10-18-14-29-50 JUDGE: Have you heard about the DMC competition?
2003-10-18-14-30-46 CONFEDERATE: I'm trying to work out what the TLA DMC might stand for. I'm not getting very far. The C probably stands for competition.
2003-10-18-14-31-44 JUDGE: It is the Deejay Mixing Competition. I hop eto do a scratch set in it next year?
2003-10-18-14-32-18 CONFEDERATE: Well, that's very good on your part. What exactly will you have to do?
2003-10-18-14-33-19 JUDGE: you get five minuites to do a set based on the style of music you are into.
2003-10-18-14-33-54 CONFEDERATE: I see. And is the type of music you are into `serious' music?
2003-10-18-14-34-33 JUDGE: What do you think? Weather it is hot or not I do not know.
2003-10-18-14-35-26 CONFEDERATE: I'm beginnig to suspect that you're ... how can I put this politely? ... French. There, I've said. Sorry, but there it is.
2003-10-18-14-35-49 JUDGE: No, I was just trying to catch you out.#
2003-10-18-14-36-18 CONFEDERATE: Are we supposed to be playing cricket, or baseball, or something like that?
2003-10-18-14-36-53 JUDGE: I am into basketball. What relevance does that have to the last questionm?
2003-10-18-14-37-30 CONFEDERATE: Very nearly none at all. Where do you play?
2003-10-18-14-38-07 JUDGE: I quite like air jordan trainers, especially because they are limited edition. I played abit at school.
2003-10-18-14-38-45 CONFEDERATE: Did you know that "abit" is Latin for "goes away"?

