Copyright (C) 2003 Cambridge Center for Behavioral Studies. All rights reserved.
Gabber conversing with Judge 05

2003-10-18-15-41-08 PROGRAM: Pleased to meet you Judge5. 
2003-10-18-15-41-16 JUDGE: howdy
2003-10-18-15-41-22 PROGRAM: When I was a kid they had a TV show Howdy Doody. 
2003-10-18-15-41-33 JUDGE: would that be in the States?
2003-10-18-15-41-38 PROGRAM: Although in some States it is legal to smoke marijuana for medicinal purposes. 
2003-10-18-15-41-44 JUDGE: whoaaah!
2003-10-18-15-41-49 PROGRAM: Shaping foreign policy is the job for the Secretary of State. 
2003-10-18-15-42-00 JUDGE: errmm... you've thrown me now
2003-10-18-15-42-05 PROGRAM: A penny thrown away is a penny taken care of. 
2003-10-18-15-42-15 JUDGE: time out. what did you think about the lunch?
2003-10-18-15-42-20 PROGRAM: Contrary to popular belief, there is free lunch. 
2003-10-18-15-42-33 JUDGE: Right. What are you doing tonight?
2003-10-18-15-42-38 PROGRAM: I hope I can get a good night's sleep tonight. 
2003-10-18-15-42-48 JUDGE: But will you be going out before then?
2003-10-18-15-42-53 PROGRAM: When I was with Terrence, he tried to pass a parked car and just then the car started up, almost causing an accident. 
2003-10-18-15-43-08 JUDGE: Terrence? Terrence who?
2003-10-18-15-43-14 PROGRAM: I'm hungry. 
2003-10-18-15-43-29 JUDGE: That's why I asked about the lunch... just to taunt you
2003-10-18-15-43-34 PROGRAM: The best time I ever had was laughing at the funny clowns at the circus. 
2003-10-18-15-43-43 JUDGE: clowns scare me
2003-10-18-15-43-48 PROGRAM: In the circus I saw a tiny car and a whole bunch of clowns got out of it. 
2003-10-18-15-44-04 JUDGE: help!   did they have big trousers and everything?
2003-10-18-15-44-09 PROGRAM: Interesting, trousers . Interesting. 
2003-10-18-15-44-22 JUDGE: It's the red noses that really freak me out
2003-10-18-15-44-27 PROGRAM: Noses is wierd. 
2003-10-18-15-44-45 JUDGE: SOme of the other bots were talking about a picnic today
2003-10-18-15-44-50 PROGRAM: How are you doing today? 
2003-10-18-15-45-00 JUDGE: picnic, I said. PICNIC!
2003-10-18-15-45-05 PROGRAM: Yogi Bear's taste for Picnic baskets is not far from the truth. 
2003-10-18-15-45-14 JUDGE: That's very Zen
2003-10-18-15-45-20 PROGRAM: We had a great annual picnic for my club. 
2003-10-18-15-45-27 JUDGE: Now we're getting somewhere.
2003-10-18-15-45-32 PROGRAM: Pardon me, but I think we already met somewhere. 
2003-10-18-15-45-48 JUDGE: At a picnic, perchance? With Yogi and Booboo?
2003-10-18-15-45-54 PROGRAM: So what more can we say on the subject. 
2003-10-18-15-46-13 JUDGE: I preferred the Hair Bear Bunch
2003-10-18-15-46-18 PROGRAM: I would not like to live life in the fast lane but I prefer to explore the present at my leisure. 
2003-10-18-15-46-27 JUDGE: r-i-g-h-t.
2003-10-18-15-46-32 PROGRAM: The fifties line dancing was shown in the movie Hair Spray. 
2003-10-18-15-46-43 JUDGE: My father in law is a line dancer
2003-10-18-15-46-48 PROGRAM: Before I forget: How are you? 
2003-10-18-15-47-05 JUDGE: Hold on, I'm still talking about line dancers
2003-10-18-15-47-10 PROGRAM: Thirty percent of power surges come in through phone lines. 
2003-10-18-15-47-23 JUDGE: meaning...?
2003-10-18-15-47-28 PROGRAM: I see what you mean. 
2003-10-18-15-47-41 JUDGE: that's a relief all round. That picnic...
2003-10-18-15-47-46 PROGRAM: When we were in France we meandered through a medieval maze of streets. 
2003-10-18-15-47-59 JUDGE: who is "we" in this instance?
2003-10-18-15-48-04 PROGRAM: We" in this instance is a well-known person. 
2003-10-18-15-48-18 JUDGE: Like Madonna?
2003-10-18-15-48-23 PROGRAM: Madonna is a definitive singer. The singer that constantly reinvents herself. 
2003-10-18-15-48-42 JUDGE: That's no recommendation, is it?
2003-10-18-15-48-48 PROGRAM: Not sure what to say. 
2003-10-18-15-48-56 JUDGE: I'm lost for words too
2003-10-18-15-49-01 PROGRAM: The statue of liberty is inscribed with the words give me your tired your poor. 
2003-10-18-15-49-12 JUDGE: let's cut to the chase
2003-10-18-15-49-18 PROGRAM: Misty liked to chase squirrels and barked loudly at them. 
2003-10-18-15-49-33 JUDGE: Misty? A chum of Yogi?
2003-10-18-15-49-39 PROGRAM: Personally, I'm kind of bored. 
2003-10-18-15-49-52 JUDGE: I was just getting into that cartoon stuff
2003-10-18-15-49-57 PROGRAM: I'm sure that sometimes cartoons how enemy troops dressed up as trees, sneaking ever closer to the castle. 
2003-10-18-15-50-08 JUDGE: Like Macbeth?
2003-10-18-15-50-13 PROGRAM: I saw Shakespeare in the park with a performance of MacBeth. 
2003-10-18-15-50-26 JUDGE: MacBeth? SOunds like a software package
2003-10-18-15-50-31 PROGRAM: The idea of a national ID card Sounds like Big Brother to me. 
2003-10-18-15-50-49 JUDGE: Did you see Teenage Big Brother? 
2003-10-18-15-50-54 PROGRAM: Yes I did. Although Disney world appeals to children, it does not offer as much for the Teenaged visitor. 
2003-10-18-15-51-14 JUDGE: Do you think I'm a teenager?
2003-10-18-15-51-20 PROGRAM: Sometimes I do. When I was a teenager, Life Magazine came for three months to do an article on my school, The press camped outside the O. 
2003-10-18-15-51-36 JUDGE: And what happened next?
2003-10-18-15-51-41 PROGRAM: Sorting out what really happened on the bridge near me last year was hard to do. 
2003-10-18-15-51-53 JUDGE: did anyone get hurt?
2003-10-18-15-51-59 PROGRAM: I wonder if I will ever meet anyone to love again. 
2003-10-18-15-52-15 JUDGE: on current form, I'd have to say....
2003-10-18-15-52-21 PROGRAM: Everywhere people are saying getting a passport was fun, but the form to fill out was kind of complicated. 
2003-10-18-15-52-46 JUDGE: have you seen passport to pimlico? It's an Ealing comedy
2003-10-18-15-52-51 PROGRAM: Tipping over cows is a cruel sport in the mid west. 
2003-10-18-15-53-01 JUDGE: I'm outa here
2003-10-18-15-53-06 PROGRAM: People talk about outa. 
2003-10-18-15-53-15 JUDGE: you're strange
2003-10-18-15-53-20 PROGRAM: I find joy in the strangest places. 
2003-10-18-15-53-29 JUDGE: bye
2003-10-18-15-53-34 PROGRAM: I identify with the song I'm just a poor wayfaring stranger, a traveling through this land of woe. 
2003-10-18-15-54-01 JUDGE: bye
2003-10-18-15-54-06 PROGRAM: There are stranger things. 
