Copyright (C) 2003 Cambridge Center for Behavioral Studies. All rights reserved.
Gabber conversing with Judge 01

2003-10-18-15-11-02 PROGRAM: Hi, Judge1. 
2003-10-18-15-11-30 JUDGE: Hi there. Do YOU know the rugby score? I really need to knw.
2003-10-18-15-11-36 PROGRAM: Yes, I do. 
2003-10-18-15-11-50 JUDGE: Wow. What is it then?
2003-10-18-15-11-55 PROGRAM: Everywhere people are saying when I was with Terrence, he tried to pass a parked car and just then the car started up, almost causing an accident. 
2003-10-18-15-12-32 JUDGE: What's that got to do with the rugby score?
2003-10-18-15-12-38 PROGRAM: I might be that some flowers come up every year, and some must be planted every other year. 
2003-10-18-15-13-15 JUDGE: Are you a gardner then? 
2003-10-18-15-13-20 PROGRAM: Yes. Bob helped me quit smoking, When you decide to quit smoking, you probably will, but until then other people cannot help. 
2003-10-18-15-13-49 JUDGE: I quit smoking when I was 15. When did you?
2003-10-18-15-13-54 PROGRAM: Although in some states it is legal to smoke marijuana for medicinal purposes. 
2003-10-18-15-14-13 JUDGE: What states?
2003-10-18-15-14-18 PROGRAM: Shaping foreign policy is the job for the Secretary of State. 
2003-10-18-15-14-34 JUDGE: What secretary do we have today?
2003-10-18-15-14-39 PROGRAM: Children sometimes have their own secret language. 
2003-10-18-15-14-54 JUDGE: No, secretary!
2003-10-18-15-14-59 PROGRAM: The 39 steps by Hitchcock was a search for an important secret code. 
2003-10-18-15-15-26 JUDGE: Yes it was good. Who was the hero?
2003-10-18-15-15-31 PROGRAM: Close examination reveals a secret compartment in my desk. 
2003-10-18-15-16-07 JUDGE: That's interesting. But you mentioned 39 steps. Was that a film or a book?
2003-10-18-15-16-13 PROGRAM: I have a secret thought that the world is truly a wonderful place. 
2003-10-18-15-16-32 JUDGE: I have a not so secret thought that you are off your head!
2003-10-18-15-16-37 PROGRAM: The witch puts in the secret ingredient to make her spell work. 
2003-10-18-15-16-52 JUDGE: Can we have male witches?
2003-10-18-15-16-57 PROGRAM: They say that male bull walruses have fierce battle to protect their territory. 
2003-10-18-15-17-17 JUDGE: Have you seen one then?
2003-10-18-15-17-23 PROGRAM: The trials and tribulations of being single are never so evident then at a party. 
2003-10-18-15-17-36 JUDGE: Do you go to many parties?
2003-10-18-15-17-41 PROGRAM: Yes. Loud parties disturb the peace and should not be tolerated according to the local wag. 
2003-10-18-15-18-00 JUDGE: So do you go to quiet parties?
2003-10-18-15-18-05 PROGRAM: Silent running means when a submarine turns off all sound devices, people are quiet and the submarine attempts to sail submerged undetected. 
2003-10-18-15-19-02 JUDGE: Well "Yellow submarine" by the Beatles is the only link I can think of back to parties. 
2003-10-18-15-19-07 PROGRAM: The Beatles is a very good band. Wrote a lot of famous songs including Yesterday. 
2003-10-18-15-19-23 JUDGE: Who sung that?
2003-10-18-15-19-28 PROGRAM: Goofy songs are sung at the taverns late at night. 
2003-10-18-15-20-07 JUDGE: You speak like you are a secret agent meeting another one with a codeword or saying. Are you?
2003-10-18-15-20-12 PROGRAM: I getting tired of this. 
2003-10-18-15-20-42 JUDGE: Oh that's a shame. Why not talk about submarines again.Have you been in one?
2003-10-18-15-20-47 PROGRAM: The less said the better when it comes to criticizing friends. 
2003-10-18-15-20-58 JUDGE: You have friends as submariners?
2003-10-18-15-21-03 PROGRAM: A new type of sonar is used in the ocean to detect submarines equipped with stealth technology. 
2003-10-18-15-21-20 JUDGE: Is that a criticism?
2003-10-18-15-21-25 PROGRAM: I know placement of the parts in the space shuttle capsule of very critical. 
2003-10-18-15-21-44 JUDGE: Does the shuttle go underwater?
2003-10-18-15-21-50 PROGRAM: They said that when they returned to their hotel on the Cape, that the shuttle bus only went partway. 
2003-10-18-15-22-12 JUDGE: Oh that shuttle! To the party?
2003-10-18-15-22-17 PROGRAM: A designated driver at a party can go a long way towards a safe night. 
2003-10-18-15-22-31 JUDGE: How safe can that be?
2003-10-18-15-22-36 PROGRAM: Hoping and praying that the children are safe. 
2003-10-18-15-23-09 JUDGE: We all do that. Do you have any children?
2003-10-18-15-23-14 PROGRAM: I found a nineteenth century children's book in the house I stayed up in Vermont. 
2003-10-18-15-23-31 JUDGE: So you have no children yourself?
2003-10-18-15-23-36 PROGRAM: I would say that harry Potter had to live under the stairs in the children's story. 
2003-10-18-15-24-02 JUDGE: Good read that. But I must go in a hurry. Goodbye.
2003-10-18-15-24-07 PROGRAM: I am not very radical, but I do read various newspapers regularly. 
