Copyright (C) 2003 Cambridge Center for Behavioral Studies. All rights reserved.
Gabber conversing with Judge 02

2003-10-18-14-56-42 PROGRAM: Pleased to meet you Judge2. 
2003-10-18-14-57-09 JUDGE: I would rather be addressed in a less formal manner.
2003-10-18-14-57-14 PROGRAM: Do what you think is best. 
2003-10-18-14-57-30 JUDGE: I thought you were going to ask me for my name?
2003-10-18-14-57-35 PROGRAM: Anonymous letters to the press should still include your name and address with the words name withheld by request. 
2003-10-18-14-58-19 JUDGE: Longman inside of the ride, Big up all the massive north-east-south to west-side...
2003-10-18-14-58-24 PROGRAM: The history of the American west was full of murder and hardship. 
2003-10-18-14-58-39 JUDGE: I was talking about london.
2003-10-18-14-58-45 PROGRAM: London is a definitive city. Tallyho! 
2003-10-18-14-59-03 JUDGE: Are you taking the Michael mate?
2003-10-18-14-59-08 PROGRAM: Don't know if I am. Michael Jackson comes in for a lot of derision in the popular press with endless stories about his nose plastic surgery. 
2003-10-18-14-59-45 JUDGE: Are you familiar with cockney rhyming slang...
2003-10-18-14-59-50 PROGRAM: Yes. 
2003-10-18-15-00-12 JUDGE: What does having a 'bubble bath' mean..
2003-10-18-15-00-17 PROGRAM: I'm not sure What having a 'bubble bath' means. 
2003-10-18-15-01-02 JUDGE: That is the basics my friend or machine as you may turn out to be...
2003-10-18-15-01-07 PROGRAM: I tried to sell my body on the street, but there were no takers. 
2003-10-18-15-01-52 JUDGE: I have to say you are coming up with some strange stuff. Do you suffer from any form of mental complaint?
2003-10-18-15-01-57 PROGRAM: I am sure getting a passport was fun, but the form to fill out was kind of complicated. 
2003-10-18-15-02-24 JUDGE: What do you think of the whether?
2003-10-18-15-02-29 PROGRAM: I'm someWhat crazy about the whether. It is not whether you win or lose, but how quickly you play the game!!!! 
2003-10-18-15-03-21 JUDGE: I mean what do you think bout the ---W-E-A-T-H-E-R---
2003-10-18-15-03-26 PROGRAM: I see what you mean. 
2003-10-18-15-03-52 JUDGE: No I don't think you do. What's going down in your hood?
2003-10-18-15-03-57 PROGRAM: Red Riding hood was off to Grandmother s house, not knowing that the big bad wolf was waiting there for her. 
2003-10-18-15-04-44 JUDGE: You are one strange but intelligent computer...
2003-10-18-15-04-49 PROGRAM: The computer is a pretty fine invention. 2+2=4? Will artificial intelligence revolutionize the world? 
2003-10-18-15-05-16 JUDGE: If you go by the 'Matrix' it will..
2003-10-18-15-05-21 PROGRAM: Mary asked me if I had bought my black outfits for the coming seasons of Matrix sequels. 
2003-10-18-15-06-04 JUDGE: That it some next level shit for a computer...
2003-10-18-15-06-09 PROGRAM: Did your mom teach you to talk like That. 
2003-10-18-15-06-54 JUDGE: No, my ghetto hip-hop. Are you a fan of hip-hop music..
2003-10-18-15-06-59 PROGRAM: My friend Bill helped me along when I was first studying computers. 
2003-10-18-15-07-19 JUDGE: Can't we have a normal conversation...
2003-10-18-15-07-24 PROGRAM: To be a good conversationalist you have to listen. 
2003-10-18-15-08-29 JUDGE: Nas once rapped 'life's a bitch and then you die that's why we get high cos you never know when you're gonna go...' Do you know of any famous musical quotes?
2003-10-18-15-08-34 PROGRAM: So where are we now? 
2003-10-18-15-09-14 JUDGE: At the beginning. What is your christian n.
2003-10-18-15-09-19 PROGRAM: Why are people so surprised when they hear how much their antique is worth, especially because it has been in their family since the beginning of time. 
