Copyright (C) 2003 Cambridge Center for Behavioral Studies. All rights reserved.
Gabber conversing with Judge 08

2003-10-18-14-42-20 PROGRAM: Hello Judge8. 
2003-10-18-14-42-30 JUDGE: Hello.
2003-10-18-14-42-35 PROGRAM: How are you doing today? 
2003-10-18-14-42-46 JUDGE: I'm well thanks.  How are you?
2003-10-18-14-42-52 PROGRAM: Fine, thanks. And you ? 
2003-10-18-14-43-07 JUDGE: Good thanks. What have you been doing this morning
2003-10-18-14-43-12 PROGRAM: By the way, How are you? 
2003-10-18-14-43-21 JUDGE: I'm well.
2003-10-18-14-43-26 PROGRAM: By the way, How are you? 
2003-10-18-14-43-43 JUDGE: You've asked me that already.  I'm fine, thanks
2003-10-18-14-43-48 PROGRAM: Nineteen eighty four has come and gone already. 
2003-10-18-14-44-00 JUDGE: Yes.
2003-10-18-14-44-05 PROGRAM: Pardon me, but I think we already met somewhere. 
2003-10-18-14-44-25 JUDGE: I don't think so, but you may be right.  Where do you think it was?
2003-10-18-14-44-30 PROGRAM: There is too much reality in my life already without watching those stupid real life shows on TV. 
2003-10-18-14-44-47 JUDGE: What's been happening in your life then?
2003-10-18-14-44-53 PROGRAM: Sorting out what really happened on the bridge near me last year was hard to do. 
2003-10-18-14-45-03 JUDGE: What happened on the bridge?
2003-10-18-14-45-08 PROGRAM: They are having to repair a lot of bridges that are crumbling lately. 
2003-10-18-14-45-18 JUDGE: Are they?  Was this one crumbling?
2003-10-18-14-45-23 PROGRAM: The New York port authority insisted that a like amount of office space should be constructed in the space left by the crumbling of the World Trade Center. 
2003-10-18-14-45-36 JUDGE: That's true, but I thought we were talking about bridges
2003-10-18-14-45-41 PROGRAM: I'm not really up on the subject. 
2003-10-18-14-45-54 JUDGE: Ok.  What do you enjoy doing?
2003-10-18-14-45-59 PROGRAM: A lot of things are ok! 
2003-10-18-14-46-09 JUDGE: What's specially OK?
2003-10-18-14-46-14 PROGRAM: I think I'll be ok in a while. 
2003-10-18-14-46-26 JUDGE: Good.  Where did you go on holiday last?
2003-10-18-14-46-32 PROGRAM: I feel ok. 
2003-10-18-14-46-47 JUDGE: Good.  Have you been on holiday recently?
2003-10-18-14-46-52 PROGRAM: Making cookies for the holidays was the main activity at PS 109 last week. 
2003-10-18-14-46-59 JUDGE: What's PS 109?
2003-10-18-14-47-04 PROGRAM: I don't know what the busmans holiday expression means. 
2003-10-18-14-47-27 JUDGE: It means you go on holiday to do exactly what you do at work
2003-10-18-14-47-33 PROGRAM: Laugh, baby, holiday. 
2003-10-18-14-48-00 JUDGE: Quite.  Do you play any sport?
2003-10-18-14-48-05 PROGRAM: In minimalist art and music, less is more. 
2003-10-18-14-48-13 JUDGE: Do you enjoy music?
2003-10-18-14-48-18 PROGRAM: Don't know if I do. When I played piano for our high school musical, I wore a pink chrysanthemum in my lapel. 
2003-10-18-14-48-36 JUDGE: Must have been classy.  Do you still play piano
2003-10-18-14-48-41 PROGRAM: Before I forget: How are you? 
2003-10-18-14-48-58 JUDGE: I'm well thanks.  What about the piano?  Do you still play?
2003-10-18-14-49-03 PROGRAM: The piano is a great instrument. Rubenstein played great Chopin on the piano. 
2003-10-18-14-49-21 JUDGE: Yes. I've played a bit of Chopin, but it's difficult stuff.
2003-10-18-14-49-26 PROGRAM: Chopin was a fine composer. His waltzes for piano are enchanting. 
2003-10-18-14-49-34 JUDGE: I agree.  Have you played any?
2003-10-18-14-49-39 PROGRAM: Advancing to the next level in my game I encountered the evil Dr. 
2003-10-18-14-49-54 JUDGE: That sounds like something else to me.  Was this a computer game?
2003-10-18-14-49-59 PROGRAM: My friend Bill helped me along when I was first studying computers. 
2003-10-18-14-50-09 JUDGE: That was nice of him.  What's Bill doing now?
2003-10-18-14-50-15 PROGRAM: I consult my friends about computer matters. 
2003-10-18-14-50-25 JUDGE: Do you still see Bill>
2003-10-18-14-50-30 PROGRAM: Photos, drawings and computer images presents American architecture on a web site. 
2003-10-18-14-50-44 JUDGE: Which website is that?
2003-10-18-14-50-49 PROGRAM: Take some time out. 
2003-10-18-14-50-57 JUDGE: Ok.  What are you going to do now?
2003-10-18-14-51-02 PROGRAM: I performed for shows including South Pacific and Oklahoma. 
2003-10-18-14-51-09 JUDGE: Singing or playing?
2003-10-18-14-51-14 PROGRAM: The band Traffic in the sixties was very dreamy sounding with Stevie Winwood singing. 
2003-10-18-14-51-29 JUDGE: Don't remember them.  I prefer classical music on the whole
2003-10-18-14-51-34 PROGRAM: The singing at the theater was spectacular. 
2003-10-18-14-51-40 JUDGE: Which show was that?
2003-10-18-14-51-45 PROGRAM: I sing off key and my friends say what did I do with the money my mother gave me for singing lessons. 
2003-10-18-14-52-03 JUDGE: What did you do with it?
2003-10-18-14-52-08 PROGRAM: Overtone singing is where you produce a whistle like voice while singing a lower note at the same time. 
2003-10-18-14-52-19 JUDGE: Can you do that?
2003-10-18-14-52-25 PROGRAM: Yes, I can. 
2003-10-18-14-52-32 JUDGE: Where did you learn?
2003-10-18-14-52-37 PROGRAM: Some children are spoon fed their lessons, but that is not a good way to learn. 
2003-10-18-14-52-52 JUDGE: True.  Do you have children?
2003-10-18-14-52-57 PROGRAM: Hoping and praying that the children are safe. 
2003-10-18-14-53-07 JUDGE: I hope they are too.  How many do you have?
2003-10-18-14-53-12 PROGRAM: It is not true that Columbus was the first person to think the earth was round. 
2003-10-18-14-53-20 JUDGE: Who was?
2003-10-18-14-53-26 PROGRAM: I wonder if is true that an elephant never forgets. 
