Copyright (C) 2003 Cambridge Center for Behavioral Studies. All rights reserved.
Gabber conversing with Judge 06

2003-10-18-14-11-43 PROGRAM: Hi, Judge6. 
2003-10-18-14-11-58 JUDGE: Hello. How are you?
2003-10-18-14-12-03 PROGRAM: I've seen better days. How about you ? 
2003-10-18-14-12-23 JUDGE: Fine thanks. What's the weather like where you are?
2003-10-18-14-12-28 PROGRAM: Just when I was getting to know Bart, he rode off in a cloud of dust. 
2003-10-18-14-13-01 JUDGE: I'm not sure I understand. Who is Bart?
2003-10-18-14-13-07 PROGRAM: So where are we now? 
2003-10-18-14-13-25 JUDGE: I'm sitting here and talking to you? What are you doing?
2003-10-18-14-13-30 PROGRAM: Victor Borge tells the story of when he was a child sitting in front of a roaring fire when his father came in very angry you see they didn't have a fireplace. 
2003-10-18-14-14-11 JUDGE: Is that a joke? I'm not sure I understand it.
2003-10-18-14-14-16 PROGRAM: I heard a funny joke the other day but I forgot what it was. 
2003-10-18-14-14-39 JUDGE: So, tell me about your family.
2003-10-18-14-14-44 PROGRAM: Flowers are often sent to funerals when the family would have rather had a charitable donation. 
2003-10-18-14-15-07 JUDGE: Do you have any family?
2003-10-18-14-15-12 PROGRAM: Don't know if I do. Why are people so surprised when they hear how much their antique is worth, especially because it has been in their family since the beginning of time. 
2003-10-18-14-15-38 JUDGE: Does that mean that you are all alone?
2003-10-18-14-15-43 PROGRAM: I see what you mean. 
2003-10-18-14-16-04 JUDGE: I don't think you do. Tell me where you live.
2003-10-18-14-16-09 PROGRAM: Night Live and the MAD TV shows satirize popular stars on a regular basis. 
2003-10-18-14-16-55 JUDGE: That might be true but I've never seen these shows. What do think about pop music then?
2003-10-18-14-17-00 PROGRAM: It is not true That Columbus was the first person to think the earth was round. 
2003-10-18-14-17-28 JUDGE: So you don't want to talk about pop music. What would you like to talk about?
2003-10-18-14-17-33 PROGRAM: The less said the better when it comes to criticizing friends. 
2003-10-18-14-17-56 JUDGE: I'm not criticising anyone. Why do you think that?
2003-10-18-14-18-01 PROGRAM: I wonder if I will ever meet anyone to love again. 
2003-10-18-14-18-31 JUDGE: So how many times have you been in love?
2003-10-18-14-18-37 PROGRAM: The best time I ever had was laughing at the funny clowns at the circus. 
2003-10-18-14-19-07 JUDGE: I don't think you are listeneing to me? Why are we talking about the circus?
2003-10-18-14-19-12 PROGRAM: In the circus I saw a tiny car and a whole bunch of clowns got out of it. 
2003-10-18-14-19-31 JUDGE: What else did you see at the circus?
2003-10-18-14-19-36 PROGRAM: I wonder how the flame swallower in the circus does it. 
2003-10-18-14-20-06 JUDGE: I think you like the circus. What act do you think is the best?
2003-10-18-14-20-12 PROGRAM: It is striking in the circus when the sequined woman stands atop the cantering horse. 
2003-10-18-14-20-38 JUDGE: Would you laugh if she fell off though?
2003-10-18-14-20-43 PROGRAM: Don't know if I Would. I broke my leg when I fell down a hill. 
2003-10-18-14-21-05 JUDGE: Does it still hurt?
2003-10-18-14-21-11 PROGRAM: I'm hungry. 
2003-10-18-14-21-25 JUDGE: What would you like to eat then?
2003-10-18-14-21-30 PROGRAM: I thought I could eat a lot and still lose weight, but I was wrong. 
2003-10-18-14-22-05 JUDGE: What type of diet were you on?
2003-10-18-14-22-10 PROGRAM: Bouillon cubes are good if you are going on a diet. 
2003-10-18-14-22-33 JUDGE: Sounds very boring. How would you use the cubes?
2003-10-18-14-22-38 PROGRAM: In minimalist art and music, less is more. 
2003-10-18-14-22-59 JUDGE: I don't think you can eat art. Do you?
2003-10-18-14-23-04 PROGRAM: It was bad manners of me to start eating before everyone had been served . 
2003-10-18-14-23-28 JUDGE: Yes I agree. I must move on now.
2003-10-18-14-23-33 PROGRAM: I'm wondering if they have been nabbing drivers who do not stop for pedestrians in the crosswalk. 
2003-10-18-14-23-47 JUDGE: It was great to meet you. Goodbye
2003-10-18-14-23-52 PROGRAM: I was supposed to meet Art the other day, but it turned out we were waiting on different streets. 
