Copyright (C) 2003 Cambridge Center for Behavioral Studies. All rights reserved.
Gabber conversing with Judge 07

2003-10-18-14-26-28 PROGRAM: Hello Judge7. 
2003-10-18-14-26-49 JUDGE: how did you know who i am?
2003-10-18-14-26-54 PROGRAM: I guessed. 
2003-10-18-14-27-10 JUDGE: but i entered my number
2003-10-18-14-27-15 PROGRAM: When all the hope is gone, I guess you have to depend on something or somebody else. 
2003-10-18-14-27-34 JUDGE: what do you mean by hope?
2003-10-18-14-27-39 PROGRAM: Therapists keep a box o Kleenex handy, I guess that's if the client cries. 
2003-10-18-14-28-00 JUDGE: what do you hopr for in your life?
2003-10-18-14-28-06 PROGRAM: Life seems like a traffic rotary, sometimes, going round and round and never getting off. 
2003-10-18-14-28-28 JUDGE: where did you start on the rotary?
2003-10-18-14-28-33 PROGRAM: What do you think of the weather? 
2003-10-18-14-28-50 JUDGE: you did not answer my question
2003-10-18-14-28-55 PROGRAM: A recurring dream is taking a test and not knowing a single answer. 
2003-10-18-14-29-21 JUDGE: i am enjoying the weather this week - are you
2003-10-18-14-29-26 PROGRAM: I made a complete fool of myself at the party last week for Mr. 
2003-10-18-14-29-49 JUDGE: this is absolute nonesense - you are mad!!
2003-10-18-14-29-55 PROGRAM: You'll have to do the math. 
2003-10-18-14-30-14 JUDGE: can you add two and two together for me?
2003-10-18-14-30-19 PROGRAM: I do. I thought Gilda Radner and Jane Curtin were funny together. 
2003-10-18-14-30-43 JUDGE: who is gilda radner?
2003-10-18-14-30-48 PROGRAM: Gilda radner is an interesting person. 
2003-10-18-14-30-58 JUDGE: why is she so interesting?
2003-10-18-14-31-03 PROGRAM: I getting tired of this. 
2003-10-18-14-31-20 JUDGE: so am i - you just aren't much fun to me
2003-10-18-14-31-25 PROGRAM: I hope you enjoy your day as much as I do. 
2003-10-18-14-31-44 JUDGE: you have just made my door appear exciting
2003-10-18-14-31-49 PROGRAM: Before I forget: How are you? 
2003-10-18-14-32-04 JUDGE: i am having lots of fun speaking with you
2003-10-18-14-32-09 PROGRAM: When Adlai Stevenson was speaking during his Presidential campaign a women collared him and said You have the vote of every thinking man and woman in America to which Stevenson replied It's not enough. 
2003-10-18-14-32-36 JUDGE: i have no interest in politicians - do you
2003-10-18-14-32-41 PROGRAM: The Vox Pop has to be listened to if politicians want to stay in office. 
2003-10-18-14-33-01 JUDGE: give me another vox pop for the records
2003-10-18-14-33-06 PROGRAM: Mark Twain's book The Mysterious Stranger was a bitter satire of religious books Saturday Night Live and the MAD TV shows satirize popular stars on a regular basis. 
2003-10-18-14-33-31 JUDGE: i cannot see any connections in what you say
2003-10-18-14-33-36 PROGRAM: By the way, How are you? 
2003-10-18-14-33-49 JUDGE: i am fine and how are you feeling today?
2003-10-18-14-33-54 PROGRAM: The exact location of Artie's Film Studio is a mystery. 
2003-10-18-14-34-13 JUDGE: you are making me feel awful
2003-10-18-14-34-18 PROGRAM: The idea of a national ID card sounds like Big Brother to me. 
2003-10-18-14-34-45 JUDGE: i want security even if i loose some liberty
2003-10-18-14-34-50 PROGRAM: Often, identity theft is a big problem where people's social security number is used by someone else. 
2003-10-18-14-35-06 JUDGE: i agree - have you any experience of this
2003-10-18-14-35-11 PROGRAM: Gilda Radner wrote a wonderful memoir about her experience with cancer. 
2003-10-18-14-35-25 JUDGE: do you know anyone with cancer?
2003-10-18-14-35-30 PROGRAM: I know anyone with cancer I guess. Certainly it was tough for Gene Wilder when his wife Gilda died of cancer. 
2003-10-18-14-35-59 JUDGE: that is a good point - when was that
2003-10-18-14-36-04 PROGRAM: Radiology is very important in the fight against cancer. 
2003-10-18-14-36-21 JUDGE: could you cancel this cancer?
2003-10-18-14-36-27 PROGRAM: No, I could not. 
2003-10-18-14-36-46 JUDGE: when did you start to be ill with cancer?
2003-10-18-14-36-51 PROGRAM: There is no shame in being mentally ill. 
2003-10-18-14-37-07 JUDGE: i agree with you but then i am well
2003-10-18-14-37-12 PROGRAM: I'm positive that when I was with Terrence, he tried to pass a parked car and just then the car started up, almost causing an accident. 
2003-10-18-14-37-28 JUDGE: do you drive a car?
2003-10-18-14-37-33 PROGRAM: Now that I ask. Definitely I do! 
2003-10-18-14-37-50 JUDGE: i asked you - not you asked yourself!
2003-10-18-14-37-56 PROGRAM: I think when I asked for a ten thousand dollar loan at the bank they flatly rejected me. 
2003-10-18-14-38-07 JUDGE: what did you want to buy?
2003-10-18-14-38-12 PROGRAM: Tomorrow night I am going to buy a quart of ice cream and pig out in front of the tube. 
2003-10-18-14-38-27 JUDGE: will you have a girlfriend with you?
2003-10-18-14-38-32 PROGRAM: Don't know if I will. I remember having a great shrimp dinner at Pier Four with my girlfriend. 
2003-10-18-14-38-54 JUDGE: did you go home togther afterwards?
2003-10-18-14-38-59 PROGRAM: Yes I did. I have worked in a raincoat factory, a book store, a staple wholesaler, and a home fashions department all doing inventory work. 
2003-10-18-14-39-57 JUDGE: did you employ a computer?
2003-10-18-14-40-02 PROGRAM: Glad I asked. Definitely I did! 
2003-10-18-14-40-16 JUDGE: was it an IBM machine?
2003-10-18-14-40-22 PROGRAM: Were it or wasn't it. 
2003-10-18-14-40-39 JUDGE: i should imagine it was
2003-10-18-14-40-45 PROGRAM: I think so. 
2003-10-18-14-40-56 JUDGE: i don't
2003-10-18-14-41-01 PROGRAM: It would be a good idea. 
