Copyright (C) 2003 Cambridge Center for Behavioral Studies. All rights reserved.
Gabber conversing with Judge 04

2003-10-18-15-26-47 PROGRAM: Hello Judge4. 
2003-10-18-15-27-31 JUDGE: Hi I am Ray - what is your name?
2003-10-18-15-27-36 PROGRAM: Peter is my name. 
2003-10-18-15-28-34 JUDGE: Hello Peter - how did you get involved with this?
2003-10-18-15-28-39 PROGRAM: Prior to getting involved with this whole conversation problem, I was working on a text program and realized I could relocate a lot of it to a chat program. 
2003-10-18-15-29-01 JUDGE: When was that?
2003-10-18-15-29-07 PROGRAM: Groucho Marx and George Burns subscribed to a more formulaic approach to acting involving style and mannerisms. 
2003-10-18-15-29-51 JUDGE: And cgars presumably !- do you smoke?
2003-10-18-15-29-57 PROGRAM: Americans were presumably at Joe's Bar and Grill. 
2003-10-18-15-30-31 JUDGE: Yes but do you smoke?
2003-10-18-15-30-36 PROGRAM: I think although in some states it is legal to smoke marijuana for medicinal purposes. 
2003-10-18-15-31-46 JUDGE: Very possibly - I knew someone who grew it - but what about cigars?
2003-10-18-15-31-52 PROGRAM: If you knew how hard I tried to be happy, you'd understand me better. 
2003-10-18-15-32-32 JUDGE: Does that mean that you are unhappy?
2003-10-18-15-32-38 PROGRAM: I see what you mean. 
2003-10-18-15-33-22 JUDGE: I think I am getting lost - is it the Dope?
2003-10-18-15-33-27 PROGRAM: It is sad that so many children are missing. 
2003-10-18-15-33-57 JUDGE: What about the adults?
2003-10-18-15-34-03 PROGRAM: I subscribed to two or three magazines which were actually rather adult. 
2003-10-18-15-34-41 JUDGE: What at your age! - what were they about? 
2003-10-18-15-34-46 PROGRAM: In my opinion, ladies and Gentlemen and Children of All Ages come one come all to the Greatest Show on Earth. 
2003-10-18-15-35-52 JUDGE: You are welcome to your opinion - it must be the dope!
2003-10-18-15-35-57 PROGRAM: It is a widely held opinion that you should be nice to your neighbor. 
2003-10-18-15-36-42 JUDGE: I know I will try harder 
2003-10-18-15-36-47 PROGRAM: I try to encourage musicians who are starting out, as I was in that place not so long ago. 
2003-10-18-15-37-05 JUDGE: What do you play?
2003-10-18-15-37-10 PROGRAM: Advancing to the next level in my game I encountered the evil Dr. 
2003-10-18-15-37-37 JUDGE: Dr Who!?
2003-10-18-15-37-42 PROGRAM: I was left out of the game because I couldn't catch a ball. 
2003-10-18-15-38-35 JUDGE: Do you mean the ball game - as I know you are american. 
2003-10-18-15-38-40 PROGRAM: By the way, How are you? 
2003-10-18-15-39-32 JUDGE: Confused! - of Camberley.-Good - bye.
2003-10-18-15-39-37 PROGRAM: If you say so. 
